{"/Users/fadiladarahma/Documents/corenglish/v0-next-js-project-setup/components/theme-provider.tsx": {"path":"/Users/fadiladarahma/Documents/corenglish/v0-next-js-project-setup/components/theme-provider.tsx","statementMap":{"0":{"start":{"line":9,"column":16},"end":{"line":9,"column":30}},"1":{"start":{"line":3,"column":23},"end":{"line":3,"column":null}},"2":{"start":{"line":7,"column":7},"end":{"line":7,"column":null}}},"fnMap":{"0":{"name":"ThemeProvider","decl":{"start":{"line":9,"column":16},"end":{"line":9,"column":30}},"loc":{"start":{"line":9,"column":72},"end":{"line":11,"column":null}}}},"branchMap":{},"s":{"0":0,"1":0,"2":0},"f":{"0":0},"b":{}}
,"/Users/fadiladarahma/Documents/corenglish/v0-next-js-project-setup/components/task/confirm-delete-dialog.tsx": {"path":"/Users/fadiladarahma/Documents/corenglish/v0-next-js-project-setup/components/task/confirm-delete-dialog.tsx","statementMap":{"0":{"start":{"line":13,"column":16},"end":{"line":13,"column":36}},"1":{"start":{"line":12,"column":7},"end":{"line":12,"column":null}}},"fnMap":{"0":{"name":"ConfirmDeleteDialog","decl":{"start":{"line":13,"column":16},"end":{"line":13,"column":36}},"loc":{"start":{"line":27,"column":1},"end":{"line":44,"column":null}}}},"branchMap":{"0":{"loc":{"start":{"line":17,"column":2},"end":{"line":17,"column":23}},"type":"default-arg","locations":[{"start":{"line":17,"column":10},"end":{"line":17,"column":23}}]},"1":{"loc":{"start":{"line":18,"column":2},"end":{"line":18,"column":90}},"type":"default-arg","locations":[{"start":{"line":18,"column":16},"end":{"line":18,"column":90}}]},"2":{"loc":{"start":{"line":19,"column":2},"end":{"line":19,"column":20}},"type":"default-arg","locations":[{"start":{"line":19,"column":15},"end":{"line":19,"column":20}}]},"3":{"loc":{"start":{"line":38,"column":13},"end":{"line":38,"column":null}},"type":"cond-expr","locations":[{"start":{"line":38,"column":26},"end":{"line":38,"column":40}},{"start":{"line":38,"column":40},"end":{"line":38,"column":null}}]}},"s":{"0":0,"1":3},"f":{"0":0},"b":{"0":[0],"1":[0],"2":[0],"3":[0,0]}}
,"/Users/fadiladarahma/Documents/corenglish/v0-next-js-project-setup/components/task/index.ts": {"path":"/Users/fadiladarahma/Documents/corenglish/v0-next-js-project-setup/components/task/index.ts","statementMap":{"0":{"start":{"line":9,"column":9},"end":{"line":9,"column":36}},"1":{"start":{"line":6,"column":43},"end":{"line":6,"column":61}},"2":{"start":{"line":10,"column":9},"end":{"line":10,"column":28}},"3":{"start":{"line":7,"column":9},"end":{"line":7,"column":27}},"4":{"start":{"line":8,"column":9},"end":{"line":8,"column":28}},"5":{"start":{"line":2,"column":9},"end":{"line":2,"column":25}},"6":{"start":{"line":6,"column":27},"end":{"line":6,"column":43}},"7":{"start":{"line":5,"column":9},"end":{"line":5,"column":25}},"8":{"start":{"line":4,"column":9},"end":{"line":4,"column":27}},"9":{"start":{"line":3,"column":9},"end":{"line":3,"column":25}},"10":{"start":{"line":6,"column":9},"end":{"line":6,"column":27}},"11":{"start":{"line":11,"column":9},"end":{"line":11,"column":26}},"12":{"start":{"line":2,"column":25},"end":{"line":2,"column":null}},"13":{"start":{"line":3,"column":25},"end":{"line":3,"column":null}},"14":{"start":{"line":4,"column":27},"end":{"line":4,"column":null}},"15":{"start":{"line":5,"column":25},"end":{"line":5,"column":null}},"16":{"start":{"line":6,"column":61},"end":{"line":6,"column":null}},"17":{"start":{"line":7,"column":27},"end":{"line":7,"column":null}},"18":{"start":{"line":8,"column":28},"end":{"line":8,"column":null}},"19":{"start":{"line":9,"column":36},"end":{"line":9,"column":null}},"20":{"start":{"line":10,"column":28},"end":{"line":10,"column":null}},"21":{"start":{"line":11,"column":26},"end":{"line":11,"column":null}}},"fnMap":{},"branchMap":{},"s":{"0":0,"1":0,"2":0,"3":0,"4":0,"5":0,"6":0,"7":37,"8":0,"9":0,"10":0,"11":0,"12":2,"13":2,"14":2,"15":2,"16":2,"17":2,"18":2,"19":2,"20":2,"21":2},"f":{},"b":{}}
,"/Users/fadiladarahma/Documents/corenglish/v0-next-js-project-setup/components/task/pagination.tsx": {"path":"/Users/fadiladarahma/Documents/corenglish/v0-next-js-project-setup/components/task/pagination.tsx","statementMap":{"0":{"start":{"line":11,"column":16},"end":{"line":11,"column":27}},"1":{"start":{"line":3,"column":23},"end":{"line":3,"column":null}},"2":{"start":{"line":12,"column":2},"end":{"line":12,"column":null}},"3":{"start":{"line":12,"column":23},"end":{"line":12,"column":null}},"4":{"start":{"line":17,"column":23},"end":{"line":17,"column":null}},"5":{"start":{"line":28,"column":23},"end":{"line":28,"column":null}}},"fnMap":{"0":{"name":"Pagination","decl":{"start":{"line":11,"column":16},"end":{"line":11,"column":27}},"loc":{"start":{"line":11,"column":85},"end":{"line":37,"column":null}}},"1":{"name":"(anonymous_2)","decl":{"start":{"line":17,"column":17},"end":{"line":17,"column":23}},"loc":{"start":{"line":17,"column":23},"end":{"line":17,"column":null}}},"2":{"name":"(anonymous_3)","decl":{"start":{"line":28,"column":17},"end":{"line":28,"column":23}},"loc":{"start":{"line":28,"column":23},"end":{"line":28,"column":null}}}},"branchMap":{"0":{"loc":{"start":{"line":12,"column":2},"end":{"line":12,"column":null}},"type":"if","locations":[{"start":{"line":12,"column":2},"end":{"line":12,"column":null}},{"start":{},"end":{}}]}},"s":{"0":0,"1":3,"2":0,"3":0,"4":0,"5":0},"f":{"0":0,"1":0,"2":0},"b":{"0":[0,0]}}
,"/Users/fadiladarahma/Documents/corenglish/v0-next-js-project-setup/components/task/status-badge.tsx": {"path":"/Users/fadiladarahma/Documents/corenglish/v0-next-js-project-setup/components/task/status-badge.tsx","statementMap":{"0":{"start":{"line":5,"column":16},"end":{"line":5,"column":28}},"1":{"start":{"line":1,"column":22},"end":{"line":1,"column":null}},"2":{"start":{"line":2,"column":27},"end":{"line":2,"column":null}},"3":{"start":{"line":3,"column":19},"end":{"line":3,"column":null}},"4":{"start":{"line":6,"column":16},"end":{"line":10,"column":11}}},"fnMap":{"0":{"name":"StatusBadge","decl":{"start":{"line":5,"column":16},"end":{"line":5,"column":28}},"loc":{"start":{"line":5,"column":62},"end":{"line":13,"column":null}}}},"branchMap":{},"s":{"0":15,"1":5,"2":5,"3":5,"4":15},"f":{"0":15},"b":{}}
,"/Users/fadiladarahma/Documents/corenglish/v0-next-js-project-setup/components/task/task-form.tsx": {"path":"/Users/fadiladarahma/Documents/corenglish/v0-next-js-project-setup/components/task/task-form.tsx","statementMap":{"0":{"start":{"line":31,"column":16},"end":{"line":31,"column":25}},"1":{"start":{"line":5,"column":34},"end":{"line":5,"column":null}},"2":{"start":{"line":6,"column":26},"end":{"line":6,"column":null}},"3":{"start":{"line":7,"column":23},"end":{"line":7,"column":null}},"4":{"start":{"line":8,"column":22},"end":{"line":8,"column":null}},"5":{"start":{"line":9,"column":22},"end":{"line":9,"column":null}},"6":{"start":{"line":10,"column":25},"end":{"line":10,"column":null}},"7":{"start":{"line":17,"column":7},"end":{"line":17,"column":null}},"8":{"start":{"line":23,"column":7},"end":{"line":23,"column":null}},"9":{"start":{"line":32,"column":17},"end":{"line":32,"column":null}},"10":{"start":{"line":33,"column":28},"end":{"line":33,"column":null}},"11":{"start":{"line":34,"column":40},"end":{"line":35,"column":null}},"12":{"start":{"line":37,"column":30},"end":{"line":38,"column":null}},"13":{"start":{"line":40,"column":38},"end":{"line":40,"column":null}},"14":{"start":{"line":41,"column":28},"end":{"line":41,"column":null}},"15":{"start":{"line":43,"column":18},"end":{"line":43,"column":null}},"16":{"start":{"line":45,"column":18},"end":{"line":60,"column":null}},"17":{"start":{"line":46,"column":4},"end":{"line":52,"column":null}},"18":{"start":{"line":47,"column":31},"end":{"line":50,"column":null}},"19":{"start":{"line":51,"column":6},"end":{"line":51,"column":null}},"20":{"start":{"line":54,"column":29},"end":{"line":54,"column":null}},"21":{"start":{"line":55,"column":4},"end":{"line":55,"column":null}},"22":{"start":{"line":55,"column":38},"end":{"line":55,"column":null}},"23":{"start":{"line":56,"column":4},"end":{"line":57,"column":null}},"24":{"start":{"line":57,"column":6},"end":{"line":57,"column":null}},"25":{"start":{"line":58,"column":4},"end":{"line":58,"column":null}},"26":{"start":{"line":58,"column":40},"end":{"line":58,"column":null}},"27":{"start":{"line":59,"column":4},"end":{"line":59,"column":null}},"28":{"start":{"line":63,"column":4},"end":{"line":63,"column":null}},"29":{"start":{"line":64,"column":4},"end":{"line":64,"column":null}},"30":{"start":{"line":65,"column":4},"end":{"line":68,"column":null}},"31":{"start":{"line":66,"column":6},"end":{"line":66,"column":null}},"32":{"start":{"line":67,"column":6},"end":{"line":67,"column":null}},"33":{"start":{"line":69,"column":4},"end":{"line":69,"column":null}},"34":{"start":{"line":70,"column":4},"end":{"line":76,"column":null}},"35":{"start":{"line":71,"column":6},"end":{"line":71,"column":null}},"36":{"start":{"line":73,"column":6},"end":{"line":73,"column":null}},"37":{"start":{"line":75,"column":6},"end":{"line":75,"column":null}},"38":{"start":{"line":89,"column":27},"end":{"line":89,"column":null}},"39":{"start":{"line":100,"column":27},"end":{"line":100,"column":null}},"40":{"start":{"line":111,"column":34},"end":{"line":111,"column":null}},"41":{"start":{"line":142,"column":25},"end":{"line":142,"column":null}}},"fnMap":{"0":{"name":"TaskForm","decl":{"start":{"line":31,"column":16},"end":{"line":31,"column":25}},"loc":{"start":{"line":31,"column":63},"end":{"line":149,"column":null}}},"1":{"name":"(anonymous_2)","decl":{"start":{"line":45,"column":57},"end":{"line":45,"column":null}},"loc":{"start":{"line":45,"column":57},"end":{"line":60,"column":5}}},"2":{"name":"handleSubmit","decl":{"start":{"line":62,"column":17},"end":{"line":62,"column":30}},"loc":{"start":{"line":62,"column":48},"end":{"line":77,"column":null}}},"3":{"name":"(anonymous_4)","decl":{"start":{"line":89,"column":20},"end":{"line":89,"column":21}},"loc":{"start":{"line":89,"column":27},"end":{"line":89,"column":null}}},"4":{"name":"(anonymous_5)","decl":{"start":{"line":100,"column":20},"end":{"line":100,"column":21}},"loc":{"start":{"line":100,"column":27},"end":{"line":100,"column":null}}},"5":{"name":"(anonymous_6)","decl":{"start":{"line":111,"column":27},"end":{"line":111,"column":28}},"loc":{"start":{"line":111,"column":34},"end":{"line":111,"column":null}}},"6":{"name":"(anonymous_7)","decl":{"start":{"line":142,"column":19},"end":{"line":142,"column":25}},"loc":{"start":{"line":142,"column":25},"end":{"line":142,"column":null}}}},"branchMap":{"0":{"loc":{"start":{"line":33,"column":37},"end":{"line":33,"column":null}},"type":"binary-expr","locations":[{"start":{"line":33,"column":37},"end":{"line":33,"column":59}},{"start":{"line":33,"column":59},"end":{"line":33,"column":null}}]},"1":{"loc":{"start":{"line":35,"column":4},"end":{"line":35,"column":null}},"type":"binary-expr","locations":[{"start":{"line":35,"column":4},"end":{"line":35,"column":32}},{"start":{"line":35,"column":32},"end":{"line":35,"column":null}}]},"2":{"loc":{"start":{"line":38,"column":4},"end":{"line":38,"column":43}},"type":"binary-expr","locations":[{"start":{"line":38,"column":4},"end":{"line":38,"column":27}},{"start":{"line":38,"column":27},"end":{"line":38,"column":43}}]},"3":{"loc":{"start":{"line":46,"column":4},"end":{"line":52,"column":null}},"type":"if","locations":[{"start":{"line":46,"column":4},"end":{"line":52,"column":null}},{"start":{},"end":{}}]},"4":{"loc":{"start":{"line":49,"column":21},"end":{"line":49,"column":null}},"type":"binary-expr","locations":[{"start":{"line":49,"column":21},"end":{"line":49,"column":43}},{"start":{"line":49,"column":43},"end":{"line":49,"column":null}}]},"5":{"loc":{"start":{"line":55,"column":4},"end":{"line":55,"column":null}},"type":"if","locations":[{"start":{"line":55,"column":4},"end":{"line":55,"column":null}},{"start":{},"end":{}}]},"6":{"loc":{"start":{"line":56,"column":4},"end":{"line":57,"column":null}},"type":"if","locations":[{"start":{"line":56,"column":4},"end":{"line":57,"column":null}},{"start":{},"end":{}}]},"7":{"loc":{"start":{"line":56,"column":9},"end":{"line":56,"column":38}},"type":"binary-expr","locations":[{"start":{"line":56,"column":9},"end":{"line":56,"column":37}},{"start":{"line":56,"column":37},"end":{"line":56,"column":38}}]},"8":{"loc":{"start":{"line":56,"column":46},"end":{"line":56,"column":62}},"type":"binary-expr","locations":[{"start":{"line":56,"column":46},"end":{"line":56,"column":61}},{"start":{"line":56,"column":61},"end":{"line":56,"column":62}}]},"9":{"loc":{"start":{"line":57,"column":22},"end":{"line":57,"column":null}},"type":"binary-expr","locations":[{"start":{"line":57,"column":22},"end":{"line":57,"column":37}},{"start":{"line":57,"column":37},"end":{"line":57,"column":null}}]},"10":{"loc":{"start":{"line":58,"column":4},"end":{"line":58,"column":null}},"type":"if","locations":[{"start":{"line":58,"column":4},"end":{"line":58,"column":null}},{"start":{},"end":{}}]},"11":{"loc":{"start":{"line":65,"column":4},"end":{"line":68,"column":null}},"type":"if","locations":[{"start":{"line":65,"column":4},"end":{"line":68,"column":null}},{"start":{},"end":{}}]},"12":{"loc":{"start":{"line":73,"column":15},"end":{"line":73,"column":null}},"type":"binary-expr","locations":[{"start":{"line":73,"column":15},"end":{"line":73,"column":37}},{"start":{"line":73,"column":41},"end":{"line":73,"column":null}}]},"13":{"loc":{"start":{"line":99,"column":17},"end":{"line":99,"column":null}},"type":"binary-expr","locations":[{"start":{"line":99,"column":17},"end":{"line":99,"column":32}},{"start":{"line":99,"column":32},"end":{"line":99,"column":null}}]},"14":{"loc":{"start":{"line":106,"column":7},"end":{"line":106,"column":null}},"type":"binary-expr","locations":[{"start":{"line":106,"column":7},"end":{"line":106,"column":null}}]},"15":{"loc":{"start":{"line":127,"column":7},"end":{"line":127,"column":16}},"type":"binary-expr","locations":[{"start":{"line":127,"column":7},"end":{"line":127,"column":16}}]},"16":{"loc":{"start":{"line":130,"column":40},"end":{"line":130,"column":null}},"type":"binary-expr","locations":[{"start":{"line":130,"column":40},"end":{"line":130,"column":54}},{"start":{"line":130,"column":54},"end":{"line":130,"column":null}}]},"17":{"loc":{"start":{"line":131,"column":11},"end":{"line":137,"column":null}},"type":"cond-expr","locations":[{"start":{"line":132,"column":14},"end":{"line":134,"column":null}},{"start":{"line":135,"column":14},"end":{"line":137,"column":null}}]},"18":{"loc":{"start":{"line":132,"column":14},"end":{"line":134,"column":null}},"type":"cond-expr","locations":[{"start":{"line":133,"column":16},"end":{"line":133,"column":null}},{"start":{"line":134,"column":16},"end":{"line":134,"column":null}}]},"19":{"loc":{"start":{"line":135,"column":14},"end":{"line":137,"column":null}},"type":"cond-expr","locations":[{"start":{"line":136,"column":14},"end":{"line":136,"column":null}},{"start":{"line":137,"column":14},"end":{"line":137,"column":null}}]}},"s":{"0":0,"1":1,"2":1,"3":1,"4":1,"5":1,"6":1,"7":1,"8":1,"9":0,"10":0,"11":0,"12":0,"13":0,"14":0,"15":0,"16":0,"17":0,"18":0,"19":0,"20":0,"21":0,"22":0,"23":0,"24":0,"25":0,"26":0,"27":0,"28":0,"29":0,"30":0,"31":0,"32":0,"33":0,"34":0,"35":0,"36":0,"37":0,"38":0,"39":0,"40":0,"41":0},"f":{"0":0,"1":0,"2":0,"3":0,"4":0,"5":0,"6":0},"b":{"0":[0,0],"1":[0,0],"2":[0,0],"3":[0,0],"4":[0,0],"5":[0,0],"6":[0,0],"7":[0,0],"8":[0,0],"9":[0,0],"10":[0,0],"11":[0,0],"12":[0,0],"13":[0,0],"14":[0],"15":[0],"16":[0,0],"17":[0,0],"18":[0,0],"19":[0,0]}}
,"/Users/fadiladarahma/Documents/corenglish/v0-next-js-project-setup/components/task/task-header.tsx": {"path":"/Users/fadiladarahma/Documents/corenglish/v0-next-js-project-setup/components/task/task-header.tsx","statementMap":{"0":{"start":{"line":23,"column":16},"end":{"line":23,"column":27}},"1":{"start":{"line":3,"column":39},"end":{"line":3,"column":null}},"2":{"start":{"line":4,"column":23},"end":{"line":4,"column":null}},"3":{"start":{"line":11,"column":7},"end":{"line":11,"column":null}},"4":{"start":{"line":12,"column":27},"end":{"line":12,"column":null}},"5":{"start":{"line":13,"column":26},"end":{"line":13,"column":null}},"6":{"start":{"line":30,"column":17},"end":{"line":30,"column":null}},"7":{"start":{"line":40,"column":27},"end":{"line":40,"column":null}},"8":{"start":{"line":49,"column":27},"end":{"line":49,"column":null}},"9":{"start":{"line":60,"column":14},"end":{"line":60,"column":null}},"10":{"start":{"line":61,"column":14},"end":{"line":61,"column":null}},"11":{"start":{"line":78,"column":25},"end":{"line":78,"column":null}}},"fnMap":{"0":{"name":"TaskHeader","decl":{"start":{"line":23,"column":16},"end":{"line":23,"column":27}},"loc":{"start":{"line":29,"column":18},"end":{"line":87,"column":null}}},"1":{"name":"(anonymous_2)","decl":{"start":{"line":40,"column":21},"end":{"line":40,"column":27}},"loc":{"start":{"line":40,"column":27},"end":{"line":40,"column":null}}},"2":{"name":"(anonymous_3)","decl":{"start":{"line":49,"column":21},"end":{"line":49,"column":27}},"loc":{"start":{"line":49,"column":27},"end":{"line":49,"column":null}}},"3":{"name":"(anonymous_4)","decl":{"start":{"line":59,"column":27},"end":{"line":59,"column":28}},"loc":{"start":{"line":59,"column":28},"end":{"line":62,"column":null}}},"4":{"name":"(anonymous_5)","decl":{"start":{"line":78,"column":19},"end":{"line":78,"column":25}},"loc":{"start":{"line":78,"column":25},"end":{"line":78,"column":null}}}},"branchMap":{"0":{"loc":{"start":{"line":38,"column":21},"end":{"line":38,"column":null}},"type":"cond-expr","locations":[{"start":{"line":38,"column":44},"end":{"line":38,"column":56}},{"start":{"line":38,"column":56},"end":{"line":38,"column":null}}]},"1":{"loc":{"start":{"line":47,"column":21},"end":{"line":47,"column":null}},"type":"cond-expr","locations":[{"start":{"line":47,"column":43},"end":{"line":47,"column":55}},{"start":{"line":47,"column":55},"end":{"line":47,"column":null}}]}},"s":{"0":0,"1":2,"2":2,"3":2,"4":2,"5":2,"6":0,"7":0,"8":0,"9":0,"10":0,"11":0},"f":{"0":0,"1":0,"2":0,"3":0,"4":0},"b":{"0":[0,0],"1":[0,0]}}
,"/Users/fadiladarahma/Documents/corenglish/v0-next-js-project-setup/components/task/task-list.tsx": {"path":"/Users/fadiladarahma/Documents/corenglish/v0-next-js-project-setup/components/task/task-list.tsx","statementMap":{"0":{"start":{"line":17,"column":16},"end":{"line":17,"column":25}},"1":{"start":{"line":3,"column":27},"end":{"line":3,"column":null}},"2":{"start":{"line":4,"column":25},"end":{"line":4,"column":null}},"3":{"start":{"line":33,"column":10},"end":{"line":34,"column":null}},"4":{"start":{"line":36,"column":26},"end":{"line":36,"column":null}}},"fnMap":{"0":{"name":"TaskList","decl":{"start":{"line":17,"column":16},"end":{"line":17,"column":25}},"loc":{"start":{"line":24,"column":16},"end":{"line":49,"column":null}}},"1":{"name":"(anonymous_2)","decl":{"start":{"line":32,"column":19},"end":{"line":32,"column":20}},"loc":{"start":{"line":33,"column":10},"end":{"line":34,"column":null}}},"2":{"name":"(anonymous_3)","decl":{"start":{"line":36,"column":20},"end":{"line":36,"column":26}},"loc":{"start":{"line":36,"column":26},"end":{"line":36,"column":null}}}},"branchMap":{},"s":{"0":0,"1":3,"2":3,"3":0,"4":0},"f":{"0":0,"1":0,"2":0},"b":{}}
,"/Users/fadiladarahma/Documents/corenglish/v0-next-js-project-setup/components/task/task-modal.tsx": {"path":"/Users/fadiladarahma/Documents/corenglish/v0-next-js-project-setup/components/task/task-modal.tsx","statementMap":{"0":{"start":{"line":25,"column":16},"end":{"line":25,"column":26}},"1":{"start":{"line":2,"column":36},"end":{"line":2,"column":null}},"2":{"start":{"line":3,"column":33},"end":{"line":3,"column":null}},"3":{"start":{"line":4,"column":39},"end":{"line":4,"column":null}},"4":{"start":{"line":5,"column":25},"end":{"line":5,"column":null}},"5":{"start":{"line":6,"column":23},"end":{"line":6,"column":null}},"6":{"start":{"line":7,"column":22},"end":{"line":7,"column":null}},"7":{"start":{"line":8,"column":22},"end":{"line":8,"column":null}},"8":{"start":{"line":9,"column":25},"end":{"line":9,"column":null}},"9":{"start":{"line":16,"column":7},"end":{"line":16,"column":null}},"10":{"start":{"line":31,"column":2},"end":{"line":31,"column":null}},"11":{"start":{"line":32,"column":2},"end":{"line":32,"column":null}},"12":{"start":{"line":33,"column":20},"end":{"line":33,"column":null}},"13":{"start":{"line":34,"column":28},"end":{"line":34,"column":null}},"14":{"start":{"line":35,"column":40},"end":{"line":35,"column":null}},"15":{"start":{"line":36,"column":30},"end":{"line":36,"column":null}},"16":{"start":{"line":37,"column":42},"end":{"line":37,"column":null}},"17":{"start":{"line":39,"column":2},"end":{"line":49,"column":null}},"18":{"start":{"line":40,"column":4},"end":{"line":48,"column":null}},"19":{"start":{"line":41,"column":6},"end":{"line":41,"column":null}},"20":{"start":{"line":42,"column":6},"end":{"line":42,"column":null}},"21":{"start":{"line":43,"column":6},"end":{"line":43,"column":null}},"22":{"start":{"line":45,"column":6},"end":{"line":45,"column":null}},"23":{"start":{"line":46,"column":6},"end":{"line":46,"column":null}},"24":{"start":{"line":47,"column":6},"end":{"line":47,"column":null}},"25":{"start":{"line":51,"column":23},"end":{"line":94,"column":null}},"26":{"start":{"line":52,"column":4},"end":{"line":52,"column":null}},"27":{"start":{"line":53,"column":4},"end":{"line":59,"column":null}},"28":{"start":{"line":54,"column":6},"end":{"line":57,"column":null}},"29":{"start":{"line":58,"column":6},"end":{"line":58,"column":null}},"30":{"start":{"line":61,"column":4},"end":{"line":61,"column":null}},"31":{"start":{"line":62,"column":4},"end":{"line":93,"column":null}},"32":{"start":{"line":63,"column":6},"end":{"line":81,"column":null}},"33":{"start":{"line":64,"column":8},"end":{"line":68,"column":null}},"34":{"start":{"line":69,"column":8},"end":{"line":71,"column":null}},"35":{"start":{"line":73,"column":8},"end":{"line":77,"column":null}},"36":{"start":{"line":78,"column":8},"end":{"line":80,"column":null}},"37":{"start":{"line":82,"column":6},"end":{"line":82,"column":null}},"38":{"start":{"line":83,"column":6},"end":{"line":83,"column":null}},"39":{"start":{"line":85,"column":6},"end":{"line":85,"column":null}},"40":{"start":{"line":86,"column":6},"end":{"line":90,"column":null}},"41":{"start":{"line":92,"column":6},"end":{"line":92,"column":null}},"42":{"start":{"line":96,"column":2},"end":{"line":96,"column":null}},"43":{"start":{"line":98,"column":2},"end":{"line":98,"column":null}},"44":{"start":{"line":98,"column":13},"end":{"line":98,"column":null}},"45":{"start":{"line":108,"column":27},"end":{"line":108,"column":null}},"46":{"start":{"line":121,"column":31},"end":{"line":121,"column":null}},"47":{"start":{"line":132,"column":31},"end":{"line":132,"column":null}},"48":{"start":{"line":142,"column":40},"end":{"line":142,"column":null}},"49":{"start":{"line":161,"column":29},"end":{"line":161,"column":null}}},"fnMap":{"0":{"name":"TaskModal","decl":{"start":{"line":25,"column":16},"end":{"line":25,"column":26}},"loc":{"start":{"line":30,"column":17},"end":{"line":174,"column":null}}},"1":{"name":"(anonymous_2)","decl":{"start":{"line":39,"column":12},"end":{"line":39,"column":null}},"loc":{"start":{"line":39,"column":12},"end":{"line":49,"column":5}}},"2":{"name":"(anonymous_3)","decl":{"start":{"line":51,"column":23},"end":{"line":51,"column":30}},"loc":{"start":{"line":51,"column":30},"end":{"line":94,"column":null}}},"3":{"name":"(anonymous_4)","decl":{"start":{"line":108,"column":21},"end":{"line":108,"column":27}},"loc":{"start":{"line":108,"column":27},"end":{"line":108,"column":null}}},"4":{"name":"(anonymous_5)","decl":{"start":{"line":121,"column":24},"end":{"line":121,"column":25}},"loc":{"start":{"line":121,"column":31},"end":{"line":121,"column":null}}},"5":{"name":"(anonymous_6)","decl":{"start":{"line":132,"column":24},"end":{"line":132,"column":25}},"loc":{"start":{"line":132,"column":31},"end":{"line":132,"column":null}}},"6":{"name":"(anonymous_7)","decl":{"start":{"line":142,"column":29},"end":{"line":142,"column":30}},"loc":{"start":{"line":142,"column":40},"end":{"line":142,"column":null}}},"7":{"name":"(anonymous_8)","decl":{"start":{"line":161,"column":23},"end":{"line":161,"column":29}},"loc":{"start":{"line":161,"column":29},"end":{"line":161,"column":null}}}},"branchMap":{"0":{"loc":{"start":{"line":40,"column":4},"end":{"line":48,"column":null}},"type":"if","locations":[{"start":{"line":40,"column":4},"end":{"line":48,"column":null}},{"start":{"line":44,"column":11},"end":{"line":48,"column":null}}]},"1":{"loc":{"start":{"line":42,"column":21},"end":{"line":42,"column":null}},"type":"binary-expr","locations":[{"start":{"line":42,"column":21},"end":{"line":42,"column":37}},{"start":{"line":42,"column":41},"end":{"line":42,"column":null}}]},"2":{"loc":{"start":{"line":53,"column":4},"end":{"line":59,"column":null}},"type":"if","locations":[{"start":{"line":53,"column":4},"end":{"line":59,"column":null}},{"start":{},"end":{}}]},"3":{"loc":{"start":{"line":63,"column":6},"end":{"line":81,"column":null}},"type":"if","locations":[{"start":{"line":63,"column":6},"end":{"line":81,"column":null}},{"start":{"line":72,"column":13},"end":{"line":81,"column":null}}]},"4":{"loc":{"start":{"line":98,"column":2},"end":{"line":98,"column":null}},"type":"if","locations":[{"start":{"line":98,"column":2},"end":{"line":98,"column":null}},{"start":{},"end":{}}]},"5":{"loc":{"start":{"line":105,"column":13},"end":{"line":105,"column":null}},"type":"cond-expr","locations":[{"start":{"line":105,"column":20},"end":{"line":105,"column":34}},{"start":{"line":105,"column":34},"end":{"line":105,"column":null}}]},"6":{"loc":{"start":{"line":167,"column":15},"end":{"line":167,"column":null}},"type":"cond-expr","locations":[{"start":{"line":167,"column":30},"end":{"line":167,"column":44}},{"start":{"line":167,"column":44},"end":{"line":167,"column":null}}]},"7":{"loc":{"start":{"line":167,"column":44},"end":{"line":167,"column":null}},"type":"cond-expr","locations":[{"start":{"line":167,"column":51},"end":{"line":167,"column":62}},{"start":{"line":167,"column":62},"end":{"line":167,"column":null}}]}},"s":{"0":0,"1":2,"2":2,"3":2,"4":2,"5":2,"6":2,"7":2,"8":2,"9":2,"10":0,"11":0,"12":0,"13":0,"14":0,"15":0,"16":0,"17":0,"18":0,"19":0,"20":0,"21":0,"22":0,"23":0,"24":0,"25":0,"26":0,"27":0,"28":0,"29":0,"30":0,"31":0,"32":0,"33":0,"34":0,"35":0,"36":0,"37":0,"38":0,"39":0,"40":0,"41":0,"42":0,"43":0,"44":0,"45":0,"46":0,"47":0,"48":0,"49":0},"f":{"0":0,"1":0,"2":0,"3":0,"4":0,"5":0,"6":0,"7":0},"b":{"0":[0,0],"1":[0,0],"2":[0,0],"3":[0,0],"4":[0,0],"5":[0,0],"6":[0,0],"7":[0,0]}}
,"/Users/fadiladarahma/Documents/corenglish/v0-next-js-project-setup/components/task/board/index.ts": {"path":"/Users/fadiladarahma/Documents/corenglish/v0-next-js-project-setup/components/task/board/index.ts","statementMap":{"0":{"start":{"line":2,"column":9},"end":{"line":2,"column":28}},"1":{"start":{"line":2,"column":28},"end":{"line":2,"column":null}}},"fnMap":{},"branchMap":{},"s":{"0":0,"1":2},"f":{},"b":{}}
,"/Users/fadiladarahma/Documents/corenglish/v0-next-js-project-setup/components/task/board/kanban-board.tsx": {"path":"/Users/fadiladarahma/Documents/corenglish/v0-next-js-project-setup/components/task/board/kanban-board.tsx","statementMap":{"0":{"start":{"line":161,"column":16},"end":{"line":161,"column":28}},"1":{"start":{"line":2,"column":25},"end":{"line":2,"column":null}},"2":{"start":{"line":13,"column":7},"end":{"line":13,"column":null}},"3":{"start":{"line":17,"column":7},"end":{"line":17,"column":null}},"4":{"start":{"line":19,"column":20},"end":{"line":19,"column":null}},"5":{"start":{"line":20,"column":33},"end":{"line":20,"column":null}},"6":{"start":{"line":21,"column":27},"end":{"line":21,"column":null}},"7":{"start":{"line":22,"column":25},"end":{"line":22,"column":null}},"8":{"start":{"line":23,"column":19},"end":{"line":23,"column":null}},"9":{"start":{"line":24,"column":25},"end":{"line":24,"column":null}},"10":{"start":{"line":40,"column":6},"end":{"line":40,"column":null}},"11":{"start":{"line":42,"column":16},"end":{"line":45,"column":null}},"12":{"start":{"line":79,"column":48},"end":{"line":79,"column":null}},"13":{"start":{"line":81,"column":23},"end":{"line":86,"column":null}},"14":{"start":{"line":88,"column":24},"end":{"line":92,"column":null}},"15":{"start":{"line":118,"column":35},"end":{"line":118,"column":42}},"16":{"start":{"line":123,"column":12},"end":{"line":124,"column":null}},"17":{"start":{"line":167,"column":34},"end":{"line":167,"column":null}},"18":{"start":{"line":168,"column":46},"end":{"line":168,"column":null}},"19":{"start":{"line":169,"column":20},"end":{"line":169,"column":null}},"20":{"start":{"line":171,"column":18},"end":{"line":176,"column":null}},"21":{"start":{"line":179,"column":24},"end":{"line":187,"column":null}},"22":{"start":{"line":181,"column":16},"end":{"line":181,"column":48}},"23":{"start":{"line":184,"column":16},"end":{"line":184,"column":54}},"24":{"start":{"line":186,"column":46},"end":{"line":186,"column":77}},"25":{"start":{"line":189,"column":26},"end":{"line":191,"column":null}},"26":{"start":{"line":190,"column":4},"end":{"line":190,"column":null}},"27":{"start":{"line":193,"column":25},"end":{"line":209,"column":null}},"28":{"start":{"line":194,"column":21},"end":{"line":194,"column":null}},"29":{"start":{"line":195,"column":4},"end":{"line":208,"column":null}},"30":{"start":{"line":197,"column":6},"end":{"line":205,"column":null}},"31":{"start":{"line":198,"column":8},"end":{"line":198,"column":null}},"32":{"start":{"line":201,"column":25},"end":{"line":201,"column":null}},"33":{"start":{"line":201,"column":46},"end":{"line":201,"column":65}},"34":{"start":{"line":202,"column":8},"end":{"line":204,"column":null}},"35":{"start":{"line":203,"column":10},"end":{"line":203,"column":null}},"36":{"start":{"line":207,"column":6},"end":{"line":207,"column":null}},"37":{"start":{"line":211,"column":24},"end":{"line":271,"column":null}},"38":{"start":{"line":212,"column":29},"end":{"line":212,"column":null}},"39":{"start":{"line":214,"column":4},"end":{"line":217,"column":null}},"40":{"start":{"line":215,"column":6},"end":{"line":215,"column":null}},"41":{"start":{"line":216,"column":6},"end":{"line":216,"column":null}},"42":{"start":{"line":219,"column":23},"end":{"line":219,"column":null}},"43":{"start":{"line":219,"column":44},"end":{"line":219,"column":65}},"44":{"start":{"line":220,"column":4},"end":{"line":223,"column":null}},"45":{"start":{"line":221,"column":6},"end":{"line":221,"column":null}},"46":{"start":{"line":222,"column":6},"end":{"line":222,"column":null}},"47":{"start":{"line":226,"column":39},"end":{"line":226,"column":null}},"48":{"start":{"line":228,"column":4},"end":{"line":243,"column":null}},"49":{"start":{"line":230,"column":53},"end":{"line":230,"column":72}},"50":{"start":{"line":232,"column":6},"end":{"line":232,"column":null}},"51":{"start":{"line":233,"column":11},"end":{"line":243,"column":null}},"52":{"start":{"line":235,"column":59},"end":{"line":235,"column":78}},"53":{"start":{"line":237,"column":6},"end":{"line":237,"column":null}},"54":{"start":{"line":238,"column":11},"end":{"line":243,"column":null}},"55":{"start":{"line":240,"column":52},"end":{"line":240,"column":71}},"56":{"start":{"line":242,"column":6},"end":{"line":242,"column":null}},"57":{"start":{"line":245,"column":4},"end":{"line":267,"column":null}},"58":{"start":{"line":246,"column":6},"end":{"line":266,"column":null}},"59":{"start":{"line":247,"column":28},"end":{"line":249,"column":null}},"60":{"start":{"line":250,"column":8},"end":{"line":250,"column":null}},"61":{"start":{"line":251,"column":8},"end":{"line":257,"column":null}},"62":{"start":{"line":259,"column":8},"end":{"line":259,"column":null}},"63":{"start":{"line":260,"column":8},"end":{"line":265,"column":null}},"64":{"start":{"line":269,"column":4},"end":{"line":269,"column":null}},"65":{"start":{"line":270,"column":4},"end":{"line":270,"column":null}},"66":{"start":{"line":273,"column":21},"end":{"line":275,"column":null}},"67":{"start":{"line":274,"column":27},"end":{"line":274,"column":null}},"68":{"start":{"line":292,"column":12},"end":{"line":293,"column":null}}},"fnMap":{"0":{"name":"SortableTaskCard","decl":{"start":{"line":32,"column":9},"end":{"line":32,"column":26}},"loc":{"start":{"line":32,"column":75},"end":{"line":60,"column":null}}},"1":{"name":"KanbanColumn","decl":{"start":{"line":71,"column":9},"end":{"line":71,"column":22}},"loc":{"start":{"line":78,"column":20},"end":{"line":151,"column":null}}},"2":{"name":"(anonymous_3)","decl":{"start":{"line":118,"column":25},"end":{"line":118,"column":26}},"loc":{"start":{"line":118,"column":35},"end":{"line":118,"column":42}}},"3":{"name":"(anonymous_4)","decl":{"start":{"line":122,"column":21},"end":{"line":122,"column":22}},"loc":{"start":{"line":123,"column":12},"end":{"line":124,"column":null}}},"4":{"name":"KanbanBoard","decl":{"start":{"line":161,"column":16},"end":{"line":161,"column":28}},"loc":{"start":{"line":166,"column":19},"end":{"line":319,"column":null}}},"5":{"name":"(anonymous_6)","decl":{"start":{"line":181,"column":6},"end":{"line":181,"column":7}},"loc":{"start":{"line":181,"column":16},"end":{"line":181,"column":48}}},"6":{"name":"(anonymous_7)","decl":{"start":{"line":184,"column":6},"end":{"line":184,"column":7}},"loc":{"start":{"line":184,"column":16},"end":{"line":184,"column":54}}},"7":{"name":"(anonymous_8)","decl":{"start":{"line":186,"column":36},"end":{"line":186,"column":37}},"loc":{"start":{"line":186,"column":46},"end":{"line":186,"column":77}}},"8":{"name":"(anonymous_9)","decl":{"start":{"line":189,"column":26},"end":{"line":189,"column":27}},"loc":{"start":{"line":189,"column":27},"end":{"line":191,"column":null}}},"9":{"name":"(anonymous_10)","decl":{"start":{"line":193,"column":25},"end":{"line":193,"column":26}},"loc":{"start":{"line":193,"column":26},"end":{"line":209,"column":null}}},"10":{"name":"(anonymous_11)","decl":{"start":{"line":201,"column":36},"end":{"line":201,"column":37}},"loc":{"start":{"line":201,"column":46},"end":{"line":201,"column":65}}},"11":{"name":"(anonymous_12)","decl":{"start":{"line":211,"column":24},"end":{"line":211,"column":31}},"loc":{"start":{"line":211,"column":31},"end":{"line":271,"column":null}}},"12":{"name":"(anonymous_13)","decl":{"start":{"line":219,"column":34},"end":{"line":219,"column":35}},"loc":{"start":{"line":219,"column":44},"end":{"line":219,"column":65}}},"13":{"name":"(anonymous_14)","decl":{"start":{"line":230,"column":43},"end":{"line":230,"column":44}},"loc":{"start":{"line":230,"column":53},"end":{"line":230,"column":72}}},"14":{"name":"(anonymous_15)","decl":{"start":{"line":235,"column":49},"end":{"line":235,"column":50}},"loc":{"start":{"line":235,"column":59},"end":{"line":235,"column":78}}},"15":{"name":"(anonymous_16)","decl":{"start":{"line":240,"column":42},"end":{"line":240,"column":43}},"loc":{"start":{"line":240,"column":52},"end":{"line":240,"column":71}}},"16":{"name":"(anonymous_17)","decl":{"start":{"line":274,"column":17},"end":{"line":274,"column":18}},"loc":{"start":{"line":274,"column":27},"end":{"line":274,"column":null}}},"17":{"name":"(anonymous_18)","decl":{"start":{"line":291,"column":41},"end":{"line":291,"column":42}},"loc":{"start":{"line":292,"column":12},"end":{"line":293,"column":null}}}},"branchMap":{"0":{"loc":{"start":{"line":101,"column":8},"end":{"line":103,"column":null}},"type":"binary-expr","locations":[{"start":{"line":101,"column":8},"end":{"line":101,"column":null}},{"start":{"line":102,"column":10},"end":{"line":102,"column":null}},{"start":{"line":103,"column":10},"end":{"line":103,"column":null}}]},"1":{"loc":{"start":{"line":130,"column":11},"end":{"line":130,"column":null}},"type":"binary-expr","locations":[{"start":{"line":130,"column":11},"end":{"line":130,"column":null}}]},"2":{"loc":{"start":{"line":135,"column":11},"end":{"line":135,"column":25}},"type":"binary-expr","locations":[{"start":{"line":135,"column":11},"end":{"line":135,"column":25}},{"start":{"line":135,"column":25},"end":{"line":135,"column":null}}]},"3":{"loc":{"start":{"line":195,"column":4},"end":{"line":208,"column":null}},"type":"if","locations":[{"start":{"line":195,"column":4},"end":{"line":208,"column":null}},{"start":{"line":206,"column":11},"end":{"line":208,"column":null}}]},"4":{"loc":{"start":{"line":197,"column":6},"end":{"line":205,"column":null}},"type":"if","locations":[{"start":{"line":197,"column":6},"end":{"line":205,"column":null}},{"start":{"line":199,"column":13},"end":{"line":205,"column":null}}]},"5":{"loc":{"start":{"line":202,"column":8},"end":{"line":204,"column":null}},"type":"if","locations":[{"start":{"line":202,"column":8},"end":{"line":204,"column":null}},{"start":{},"end":{}}]},"6":{"loc":{"start":{"line":214,"column":4},"end":{"line":217,"column":null}},"type":"if","locations":[{"start":{"line":214,"column":4},"end":{"line":217,"column":null}},{"start":{},"end":{}}]},"7":{"loc":{"start":{"line":220,"column":4},"end":{"line":223,"column":null}},"type":"if","locations":[{"start":{"line":220,"column":4},"end":{"line":223,"column":null}},{"start":{},"end":{}}]},"8":{"loc":{"start":{"line":228,"column":4},"end":{"line":243,"column":null}},"type":"if","locations":[{"start":{"line":228,"column":4},"end":{"line":243,"column":null}},{"start":{"line":233,"column":11},"end":{"line":243,"column":null}}]},"9":{"loc":{"start":{"line":229,"column":6},"end":{"line":230,"column":null}},"type":"binary-expr","locations":[{"start":{"line":229,"column":6},"end":{"line":229,"column":34}},{"start":{"line":230,"column":6},"end":{"line":230,"column":null}}]},"10":{"loc":{"start":{"line":233,"column":11},"end":{"line":243,"column":null}},"type":"if","locations":[{"start":{"line":233,"column":11},"end":{"line":243,"column":null}},{"start":{"line":238,"column":11},"end":{"line":243,"column":null}}]},"11":{"loc":{"start":{"line":234,"column":6},"end":{"line":235,"column":null}},"type":"binary-expr","locations":[{"start":{"line":234,"column":6},"end":{"line":234,"column":40}},{"start":{"line":235,"column":6},"end":{"line":235,"column":null}}]},"12":{"loc":{"start":{"line":238,"column":11},"end":{"line":243,"column":null}},"type":"if","locations":[{"start":{"line":238,"column":11},"end":{"line":243,"column":null}},{"start":{},"end":{}}]},"13":{"loc":{"start":{"line":239,"column":6},"end":{"line":240,"column":null}},"type":"binary-expr","locations":[{"start":{"line":239,"column":6},"end":{"line":239,"column":33}},{"start":{"line":240,"column":6},"end":{"line":240,"column":null}}]},"14":{"loc":{"start":{"line":245,"column":4},"end":{"line":267,"column":null}},"type":"if","locations":[{"start":{"line":245,"column":4},"end":{"line":267,"column":null}},{"start":{},"end":{}}]},"15":{"loc":{"start":{"line":245,"column":8},"end":{"line":245,"column":52}},"type":"binary-expr","locations":[{"start":{"line":245,"column":8},"end":{"line":245,"column":21}},{"start":{"line":245,"column":21},"end":{"line":245,"column":52}}]},"16":{"loc":{"start":{"line":273,"column":21},"end":{"line":275,"column":null}},"type":"cond-expr","locations":[{"start":{"line":274,"column":6},"end":{"line":274,"column":null}},{"start":{"line":275,"column":6},"end":{"line":275,"column":null}}]},"17":{"loc":{"start":{"line":305,"column":11},"end":{"line":305,"column":null}},"type":"binary-expr","locations":[{"start":{"line":305,"column":11},"end":{"line":305,"column":null}}]}},"s":{"0":0,"1":2,"2":2,"3":2,"4":2,"5":2,"6":2,"7":2,"8":2,"9":2,"10":0,"11":0,"12":0,"13":0,"14":0,"15":0,"16":0,"17":0,"18":0,"19":0,"20":0,"21":0,"22":0,"23":0,"24":0,"25":0,"26":0,"27":0,"28":0,"29":0,"30":0,"31":0,"32":0,"33":0,"34":0,"35":0,"36":0,"37":0,"38":0,"39":0,"40":0,"41":0,"42":0,"43":0,"44":0,"45":0,"46":0,"47":0,"48":0,"49":0,"50":0,"51":0,"52":0,"53":0,"54":0,"55":0,"56":0,"57":0,"58":0,"59":0,"60":0,"61":0,"62":0,"63":0,"64":0,"65":0,"66":0,"67":0,"68":0},"f":{"0":0,"1":0,"2":0,"3":0,"4":0,"5":0,"6":0,"7":0,"8":0,"9":0,"10":0,"11":0,"12":0,"13":0,"14":0,"15":0,"16":0,"17":0},"b":{"0":[0,0,0],"1":[0],"2":[0,0],"3":[0,0],"4":[0,0],"5":[0,0],"6":[0,0],"7":[0,0],"8":[0,0],"9":[0,0],"10":[0,0],"11":[0,0],"12":[0,0],"13":[0,0],"14":[0,0],"15":[0,0],"16":[0,0],"17":[0]}}
,"/Users/fadiladarahma/Documents/corenglish/v0-next-js-project-setup/components/task/card/index.ts": {"path":"/Users/fadiladarahma/Documents/corenglish/v0-next-js-project-setup/components/task/card/index.ts","statementMap":{"0":{"start":{"line":2,"column":9},"end":{"line":2,"column":25}},"1":{"start":{"line":2,"column":25},"end":{"line":2,"column":null}}},"fnMap":{},"branchMap":{},"s":{"0":0,"1":2},"f":{},"b":{}}
,"/Users/fadiladarahma/Documents/corenglish/v0-next-js-project-setup/components/task/card/task-card.tsx": {"path":"/Users/fadiladarahma/Documents/corenglish/v0-next-js-project-setup/components/task/card/task-card.tsx","statementMap":{"0":{"start":{"line":21,"column":16},"end":{"line":21,"column":25}},"1":{"start":{"line":2,"column":29},"end":{"line":2,"column":null}},"2":{"start":{"line":3,"column":23},"end":{"line":3,"column":null}},"3":{"start":{"line":4,"column":22},"end":{"line":4,"column":null}},"4":{"start":{"line":5,"column":28},"end":{"line":5,"column":null}},"5":{"start":{"line":7,"column":19},"end":{"line":7,"column":null}},"6":{"start":{"line":32,"column":21},"end":{"line":35,"column":null}},"7":{"start":{"line":33,"column":4},"end":{"line":33,"column":null}},"8":{"start":{"line":34,"column":4},"end":{"line":34,"column":null}},"9":{"start":{"line":37,"column":23},"end":{"line":40,"column":null}},"10":{"start":{"line":38,"column":4},"end":{"line":38,"column":null}},"11":{"start":{"line":39,"column":4},"end":{"line":39,"column":null}},"12":{"start":{"line":42,"column":22},"end":{"line":44,"column":null}},"13":{"start":{"line":47,"column":23},"end":{"line":49,"column":null}},"14":{"start":{"line":52,"column":29},"end":{"line":56,"column":null}},"15":{"start":{"line":59,"column":21},"end":{"line":59,"column":null}},"16":{"start":{"line":60,"column":24},"end":{"line":60,"column":null}},"17":{"start":{"line":62,"column":4},"end":{"line":64,"column":null}},"18":{"start":{"line":67,"column":4},"end":{"line":69,"column":null}},"19":{"start":{"line":72,"column":4},"end":{"line":74,"column":null}},"20":{"start":{"line":77,"column":4},"end":{"line":79,"column":null}},"21":{"start":{"line":81,"column":23},"end":{"line":81,"column":null}}},"fnMap":{"0":{"name":"TaskCard","decl":{"start":{"line":21,"column":16},"end":{"line":21,"column":25}},"loc":{"start":{"line":31,"column":16},"end":{"line":149,"column":null}}},"1":{"name":"(anonymous_2)","decl":{"start":{"line":32,"column":21},"end":{"line":32,"column":22}},"loc":{"start":{"line":32,"column":22},"end":{"line":35,"column":null}}},"2":{"name":"(anonymous_3)","decl":{"start":{"line":37,"column":23},"end":{"line":37,"column":24}},"loc":{"start":{"line":37,"column":24},"end":{"line":40,"column":null}}}},"branchMap":{"0":{"loc":{"start":{"line":25,"column":2},"end":{"line":25,"column":18}},"type":"default-arg","locations":[{"start":{"line":25,"column":12},"end":{"line":25,"column":18}}]},"1":{"loc":{"start":{"line":26,"column":2},"end":{"line":26,"column":20}},"type":"default-arg","locations":[{"start":{"line":26,"column":15},"end":{"line":26,"column":20}}]},"2":{"loc":{"start":{"line":44,"column":4},"end":{"line":44,"column":null}},"type":"binary-expr","locations":[{"start":{"line":44,"column":4},"end":{"line":44,"column":18}},{"start":{"line":44,"column":18},"end":{"line":44,"column":null}}]},"3":{"loc":{"start":{"line":49,"column":4},"end":{"line":49,"column":null}},"type":"cond-expr","locations":[{"start":{"line":49,"column":25},"end":{"line":49,"column":42}},{"start":{"line":49,"column":42},"end":{"line":49,"column":null}}]},"4":{"loc":{"start":{"line":54,"column":4},"end":{"line":56,"column":null}},"type":"cond-expr","locations":[{"start":{"line":55,"column":8},"end":{"line":55,"column":null}},{"start":{"line":56,"column":8},"end":{"line":56,"column":null}}]},"5":{"loc":{"start":{"line":59,"column":21},"end":{"line":59,"column":null}},"type":"cond-expr","locations":[{"start":{"line":59,"column":42},"end":{"line":59,"column":49}},{"start":{"line":59,"column":49},"end":{"line":59,"column":null}}]},"6":{"loc":{"start":{"line":60,"column":24},"end":{"line":60,"column":null}},"type":"cond-expr","locations":[{"start":{"line":60,"column":45},"end":{"line":60,"column":57}},{"start":{"line":60,"column":57},"end":{"line":60,"column":null}}]},"7":{"loc":{"start":{"line":62,"column":4},"end":{"line":64,"column":null}},"type":"cond-expr","locations":[{"start":{"line":63,"column":8},"end":{"line":63,"column":null}},{"start":{"line":64,"column":8},"end":{"line":64,"column":null}}]},"8":{"loc":{"start":{"line":67,"column":4},"end":{"line":69,"column":null}},"type":"cond-expr","locations":[{"start":{"line":68,"column":8},"end":{"line":68,"column":null}},{"start":{"line":69,"column":8},"end":{"line":69,"column":null}}]},"9":{"loc":{"start":{"line":72,"column":4},"end":{"line":74,"column":null}},"type":"cond-expr","locations":[{"start":{"line":73,"column":8},"end":{"line":73,"column":66}},{"start":{"line":74,"column":8},"end":{"line":74,"column":null}}]},"10":{"loc":{"start":{"line":77,"column":4},"end":{"line":79,"column":null}},"type":"cond-expr","locations":[{"start":{"line":78,"column":8},"end":{"line":78,"column":null}},{"start":{"line":79,"column":8},"end":{"line":79,"column":null}}]},"11":{"loc":{"start":{"line":81,"column":23},"end":{"line":81,"column":null}},"type":"cond-expr","locations":[{"start":{"line":81,"column":44},"end":{"line":81,"column":59}},{"start":{"line":81,"column":59},"end":{"line":81,"column":null}}]},"12":{"loc":{"start":{"line":94,"column":10},"end":{"line":94,"column":null}},"type":"binary-expr","locations":[{"start":{"line":94,"column":10},"end":{"line":94,"column":32}},{"start":{"line":94,"column":32},"end":{"line":94,"column":null}}]},"13":{"loc":{"start":{"line":99,"column":11},"end":{"line":99,"column":27}},"type":"binary-expr","locations":[{"start":{"line":99,"column":11},"end":{"line":99,"column":27}}]},"14":{"loc":{"start":{"line":102,"column":11},"end":{"line":102,"column":34}},"type":"binary-expr","locations":[{"start":{"line":102,"column":11},"end":{"line":102,"column":34}},{"start":{"line":102,"column":34},"end":{"line":102,"column":51}}]},"15":{"loc":{"start":{"line":109,"column":14},"end":{"line":111,"column":15}},"type":"cond-expr","locations":[{"start":{"line":109,"column":14},"end":{"line":111,"column":15}}]},"16":{"loc":{"start":{"line":125,"column":14},"end":{"line":125,"column":null}},"type":"binary-expr","locations":[{"start":{"line":125,"column":14},"end":{"line":125,"column":37}},{"start":{"line":125,"column":37},"end":{"line":125,"column":null}}]},"17":{"loc":{"start":{"line":128,"column":43},"end":{"line":128,"column":null}},"type":"binary-expr","locations":[{"start":{"line":128,"column":43},"end":{"line":128,"column":66}},{"start":{"line":128,"column":66},"end":{"line":128,"column":null}}]},"18":{"loc":{"start":{"line":129,"column":13},"end":{"line":129,"column":35}},"type":"binary-expr","locations":[{"start":{"line":129,"column":13},"end":{"line":129,"column":35}}]},"19":{"loc":{"start":{"line":137,"column":14},"end":{"line":137,"column":null}},"type":"binary-expr","locations":[{"start":{"line":137,"column":14},"end":{"line":137,"column":37}},{"start":{"line":137,"column":37},"end":{"line":137,"column":null}}]},"20":{"loc":{"start":{"line":141,"column":39},"end":{"line":141,"column":null}},"type":"binary-expr","locations":[{"start":{"line":141,"column":39},"end":{"line":141,"column":62}},{"start":{"line":141,"column":62},"end":{"line":141,"column":null}}]},"21":{"loc":{"start":{"line":143,"column":13},"end":{"line":143,"column":35}},"type":"binary-expr","locations":[{"start":{"line":143,"column":13},"end":{"line":143,"column":35}}]}},"s":{"0":10,"1":4,"2":4,"3":4,"4":4,"5":4,"6":10,"7":2,"8":2,"9":10,"10":1,"11":1,"12":10,"13":10,"14":10,"15":10,"16":10,"17":10,"18":10,"19":10,"20":10,"21":10},"f":{"0":10,"1":2,"2":1},"b":{"0":[2],"1":[9],"2":[10,1],"3":[7,3],"4":[7,3],"5":[7,3],"6":[7,3],"7":[7,3],"8":[7,3],"9":[7,3],"10":[7,3],"11":[7,3],"12":[10,7],"13":[10],"14":[10,3],"15":[7],"16":[10,3],"17":[10,3],"18":[10],"19":[10,3],"20":[10,3],"21":[10]}}
,"/Users/fadiladarahma/Documents/corenglish/v0-next-js-project-setup/components/task/state/empty-state.tsx": {"path":"/Users/fadiladarahma/Documents/corenglish/v0-next-js-project-setup/components/task/state/empty-state.tsx","statementMap":{"0":{"start":{"line":10,"column":16},"end":{"line":10,"column":27}},"1":{"start":{"line":3,"column":23},"end":{"line":3,"column":null}},"2":{"start":{"line":4,"column":26},"end":{"line":4,"column":null}},"3":{"start":{"line":11,"column":17},"end":{"line":11,"column":null}},"4":{"start":{"line":19,"column":23},"end":{"line":19,"column":null}}},"fnMap":{"0":{"name":"EmptyState","decl":{"start":{"line":10,"column":16},"end":{"line":10,"column":27}},"loc":{"start":{"line":10,"column":56},"end":{"line":26,"column":null}}},"1":{"name":"(anonymous_2)","decl":{"start":{"line":19,"column":17},"end":{"line":19,"column":23}},"loc":{"start":{"line":19,"column":23},"end":{"line":19,"column":null}}}},"branchMap":{"0":{"loc":{"start":{"line":16,"column":9},"end":{"line":16,"column":null}},"type":"cond-expr","locations":[{"start":{"line":16,"column":32},"end":{"line":16,"column":63}},{"start":{"line":16,"column":63},"end":{"line":16,"column":null}}]}},"s":{"0":4,"1":3,"2":3,"3":4,"4":1},"f":{"0":4,"1":1},"b":{"0":[3,1]}}
,"/Users/fadiladarahma/Documents/corenglish/v0-next-js-project-setup/components/task/state/index.ts": {"path":"/Users/fadiladarahma/Documents/corenglish/v0-next-js-project-setup/components/task/state/index.ts","statementMap":{"0":{"start":{"line":2,"column":9},"end":{"line":2,"column":27}},"1":{"start":{"line":4,"column":9},"end":{"line":4,"column":31}},"2":{"start":{"line":3,"column":9},"end":{"line":3,"column":33}},"3":{"start":{"line":2,"column":27},"end":{"line":2,"column":null}},"4":{"start":{"line":3,"column":33},"end":{"line":3,"column":null}},"5":{"start":{"line":4,"column":31},"end":{"line":4,"column":null}}},"fnMap":{},"branchMap":{},"s":{"0":0,"1":0,"2":0,"3":2,"4":2,"5":2},"f":{},"b":{}}
,"/Users/fadiladarahma/Documents/corenglish/v0-next-js-project-setup/components/task/state/task-error-state.tsx": {"path":"/Users/fadiladarahma/Documents/corenglish/v0-next-js-project-setup/components/task/state/task-error-state.tsx","statementMap":{"0":{"start":{"line":7,"column":16},"end":{"line":7,"column":31}}},"fnMap":{"0":{"name":"TaskErrorState","decl":{"start":{"line":7,"column":16},"end":{"line":7,"column":31}},"loc":{"start":{"line":7,"column":61},"end":{"line":16,"column":null}}}},"branchMap":{},"s":{"0":0},"f":{"0":0},"b":{}}
,"/Users/fadiladarahma/Documents/corenglish/v0-next-js-project-setup/components/task/state/task-loading-state.tsx": {"path":"/Users/fadiladarahma/Documents/corenglish/v0-next-js-project-setup/components/task/state/task-loading-state.tsx","statementMap":{"0":{"start":{"line":5,"column":16},"end":{"line":5,"column":null}},"1":{"start":{"line":3,"column":24},"end":{"line":3,"column":null}}},"fnMap":{"0":{"name":"TaskLoadingState","decl":{"start":{"line":5,"column":16},"end":{"line":5,"column":null}},"loc":{"start":{"line":5,"column":16},"end":{"line":14,"column":null}}}},"branchMap":{},"s":{"0":0,"1":2},"f":{"0":0},"b":{}}
,"/Users/fadiladarahma/Documents/corenglish/v0-next-js-project-setup/components/ui/alert-dialog.tsx": {"path":"/Users/fadiladarahma/Documents/corenglish/v0-next-js-project-setup/components/ui/alert-dialog.tsx","statementMap":{"0":{"start":{"line":122,"column":2},"end":{"line":122,"column":13}},"1":{"start":{"line":131,"column":2},"end":{"line":131,"column":19}},"2":{"start":{"line":132,"column":2},"end":{"line":132,"column":19}},"3":{"start":{"line":126,"column":2},"end":{"line":126,"column":20}},"4":{"start":{"line":130,"column":2},"end":{"line":130,"column":24}},"5":{"start":{"line":128,"column":2},"end":{"line":128,"column":19}},"6":{"start":{"line":127,"column":2},"end":{"line":127,"column":19}},"7":{"start":{"line":124,"column":2},"end":{"line":124,"column":20}},"8":{"start":{"line":123,"column":2},"end":{"line":123,"column":19}},"9":{"start":{"line":129,"column":2},"end":{"line":129,"column":18}},"10":{"start":{"line":125,"column":2},"end":{"line":125,"column":20}},"11":{"start":{"line":3,"column":23},"end":{"line":3,"column":null}},"12":{"start":{"line":4,"column":38},"end":{"line":4,"column":null}},"13":{"start":{"line":5,"column":19},"end":{"line":5,"column":null}},"14":{"start":{"line":6,"column":31},"end":{"line":6,"column":null}},"15":{"start":{"line":8,"column":20},"end":{"line":8,"column":45}},"16":{"start":{"line":9,"column":27},"end":{"line":9,"column":55}},"17":{"start":{"line":10,"column":26},"end":{"line":10,"column":53}},"18":{"start":{"line":24,"column":0},"end":{"line":24,"column":null}},"19":{"start":{"line":42,"column":0},"end":{"line":42,"column":null}},"20":{"start":{"line":53,"column":0},"end":{"line":53,"column":null}},"21":{"start":{"line":67,"column":0},"end":{"line":67,"column":null}},"22":{"start":{"line":79,"column":0},"end":{"line":79,"column":null}},"23":{"start":{"line":91,"column":0},"end":{"line":91,"column":null}},"24":{"start":{"line":103,"column":0},"end":{"line":103,"column":null}},"25":{"start":{"line":119,"column":0},"end":{"line":119,"column":null}}},"fnMap":{},"branchMap":{},"s":{"0":5,"1":3,"2":3,"3":5,"4":4,"5":3,"6":3,"7":0,"8":0,"9":4,"10":5,"11":3,"12":3,"13":3,"14":3,"15":3,"16":3,"17":3,"18":3,"19":3,"20":3,"21":3,"22":3,"23":3,"24":3,"25":3},"f":{},"b":{}}
,"/Users/fadiladarahma/Documents/corenglish/v0-next-js-project-setup/components/ui/badge.tsx": {"path":"/Users/fadiladarahma/Documents/corenglish/v0-next-js-project-setup/components/ui/badge.tsx","statementMap":{"0":{"start":{"line":41,"column":9},"end":{"line":41,"column":14}},"1":{"start":{"line":41,"column":16},"end":{"line":41,"column":29}},"2":{"start":{"line":1,"column":23},"end":{"line":1,"column":null}},"3":{"start":{"line":2,"column":39},"end":{"line":2,"column":null}},"4":{"start":{"line":3,"column":19},"end":{"line":3,"column":null}},"5":{"start":{"line":5,"column":22},"end":{"line":22,"column":null}},"6":{"start":{"line":32,"column":15},"end":{"line":32,"column":null}}},"fnMap":{"0":{"name":"Badge","decl":{"start":{"line":31,"column":9},"end":{"line":31,"column":15}},"loc":{"start":{"line":31,"column":76},"end":{"line":39,"column":null}}}},"branchMap":{"0":{"loc":{"start":{"line":31,"column":37},"end":{"line":31,"column":52}},"type":"default-arg","locations":[{"start":{"line":31,"column":47},"end":{"line":31,"column":52}}]},"1":{"loc":{"start":{"line":32,"column":15},"end":{"line":32,"column":null}},"type":"cond-expr","locations":[{"start":{"line":32,"column":25},"end":{"line":32,"column":39}},{"start":{"line":32,"column":42},"end":{"line":32,"column":null}}]}},"s":{"0":40,"1":3,"2":6,"3":6,"4":6,"5":6,"6":40},"f":{"0":40},"b":{"0":[39],"1":[1,39]}}
,"/Users/fadiladarahma/Documents/corenglish/v0-next-js-project-setup/components/ui/button.tsx": {"path":"/Users/fadiladarahma/Documents/corenglish/v0-next-js-project-setup/components/ui/button.tsx","statementMap":{"0":{"start":{"line":55,"column":9},"end":{"line":55,"column":15}},"1":{"start":{"line":55,"column":17},"end":{"line":55,"column":31}},"2":{"start":{"line":1,"column":23},"end":{"line":1,"column":null}},"3":{"start":{"line":2,"column":21},"end":{"line":2,"column":null}},"4":{"start":{"line":3,"column":39},"end":{"line":3,"column":null}},"5":{"start":{"line":4,"column":19},"end":{"line":4,"column":null}},"6":{"start":{"line":6,"column":23},"end":{"line":32,"column":null}},"7":{"start":{"line":41,"column":15},"end":{"line":51,"column":null}},"8":{"start":{"line":43,"column":17},"end":{"line":43,"column":null}},"9":{"start":{"line":53,"column":0},"end":{"line":53,"column":null}}},"fnMap":{"0":{"name":"(anonymous_6)","decl":{"start":{"line":42,"column":2},"end":{"line":42,"column":3}},"loc":{"start":{"line":42,"column":60},"end":{"line":51,"column":null}}}},"branchMap":{"0":{"loc":{"start":{"line":42,"column":31},"end":{"line":42,"column":46}},"type":"default-arg","locations":[{"start":{"line":42,"column":41},"end":{"line":42,"column":46}}]},"1":{"loc":{"start":{"line":43,"column":17},"end":{"line":43,"column":null}},"type":"cond-expr","locations":[{"start":{"line":43,"column":27},"end":{"line":43,"column":31}},{"start":{"line":43,"column":34},"end":{"line":43,"column":null}}]}},"s":{"0":83,"1":9,"2":9,"3":9,"4":9,"5":9,"6":9,"7":9,"8":82,"9":9},"f":{"0":82},"b":{"0":[79],"1":[3,79]}}
,"/Users/fadiladarahma/Documents/corenglish/v0-next-js-project-setup/components/ui/dialog.tsx": {"path":"/Users/fadiladarahma/Documents/corenglish/v0-next-js-project-setup/components/ui/dialog.tsx","statementMap":{"0":{"start":{"line":118,"column":2},"end":{"line":118,"column":8}},"1":{"start":{"line":121,"column":2},"end":{"line":121,"column":13}},"2":{"start":{"line":123,"column":2},"end":{"line":123,"column":15}},"3":{"start":{"line":127,"column":2},"end":{"line":127,"column":19}},"4":{"start":{"line":125,"column":2},"end":{"line":125,"column":14}},"5":{"start":{"line":124,"column":2},"end":{"line":124,"column":14}},"6":{"start":{"line":120,"column":2},"end":{"line":120,"column":15}},"7":{"start":{"line":119,"column":2},"end":{"line":119,"column":14}},"8":{"start":{"line":126,"column":2},"end":{"line":126,"column":13}},"9":{"start":{"line":122,"column":2},"end":{"line":122,"column":15}},"10":{"start":{"line":3,"column":23},"end":{"line":3,"column":null}},"11":{"start":{"line":4,"column":33},"end":{"line":4,"column":null}},"12":{"start":{"line":5,"column":18},"end":{"line":5,"column":null}},"13":{"start":{"line":7,"column":19},"end":{"line":7,"column":null}},"14":{"start":{"line":9,"column":15},"end":{"line":9,"column":35}},"15":{"start":{"line":11,"column":22},"end":{"line":11,"column":45}},"16":{"start":{"line":13,"column":21},"end":{"line":19,"column":null}},"17":{"start":{"line":17,"column":2},"end":{"line":17,"column":null}},"18":{"start":{"line":21,"column":20},"end":{"line":21,"column":41}},"19":{"start":{"line":36,"column":0},"end":{"line":36,"column":null}},"20":{"start":{"line":60,"column":0},"end":{"line":60,"column":null}},"21":{"start":{"line":74,"column":0},"end":{"line":74,"column":null}},"22":{"start":{"line":88,"column":0},"end":{"line":88,"column":null}},"23":{"start":{"line":103,"column":0},"end":{"line":103,"column":null}},"24":{"start":{"line":115,"column":0},"end":{"line":115,"column":null}}},"fnMap":{"0":{"name":"(anonymous_14)","decl":{"start":{"line":13,"column":21},"end":{"line":13,"column":22}},"loc":{"start":{"line":16,"column":64},"end":{"line":19,"column":null}}}},"branchMap":{},"s":{"0":5,"1":3,"2":7,"3":4,"4":3,"5":3,"6":0,"7":0,"8":4,"9":5,"10":1,"11":1,"12":1,"13":1,"14":1,"15":1,"16":1,"17":7,"18":1,"19":1,"20":1,"21":1,"22":1,"23":1,"24":1},"f":{"0":7},"b":{}}
,"/Users/fadiladarahma/Documents/corenglish/v0-next-js-project-setup/components/ui/input.tsx": {"path":"/Users/fadiladarahma/Documents/corenglish/v0-next-js-project-setup/components/ui/input.tsx","statementMap":{"0":{"start":{"line":23,"column":9},"end":{"line":23,"column":null}},"1":{"start":{"line":1,"column":23},"end":{"line":1,"column":null}},"2":{"start":{"line":2,"column":19},"end":{"line":2,"column":null}},"3":{"start":{"line":6,"column":14},"end":{"line":19,"column":null}},"4":{"start":{"line":21,"column":0},"end":{"line":21,"column":null}}},"fnMap":{"0":{"name":"(anonymous_4)","decl":{"start":{"line":7,"column":2},"end":{"line":7,"column":3}},"loc":{"start":{"line":7,"column":34},"end":{"line":19,"column":null}}}},"branchMap":{},"s":{"0":8,"1":4,"2":4,"3":4,"4":4},"f":{"0":8},"b":{}}
,"/Users/fadiladarahma/Documents/corenglish/v0-next-js-project-setup/components/ui/label.tsx": {"path":"/Users/fadiladarahma/Documents/corenglish/v0-next-js-project-setup/components/ui/label.tsx","statementMap":{"0":{"start":{"line":19,"column":9},"end":{"line":19,"column":null}},"1":{"start":{"line":1,"column":23},"end":{"line":1,"column":null}},"2":{"start":{"line":2,"column":19},"end":{"line":2,"column":null}},"3":{"start":{"line":17,"column":0},"end":{"line":17,"column":null}}},"fnMap":{},"branchMap":{},"s":{"0":7,"1":4,"2":4,"3":4},"f":{},"b":{}}
,"/Users/fadiladarahma/Documents/corenglish/v0-next-js-project-setup/components/ui/loading.tsx": {"path":"/Users/fadiladarahma/Documents/corenglish/v0-next-js-project-setup/components/ui/loading.tsx","statementMap":{"0":{"start":{"line":26,"column":16},"end":{"line":26,"column":23}},"1":{"start":{"line":9,"column":16},"end":{"line":9,"column":30}},"2":{"start":{"line":1,"column":24},"end":{"line":1,"column":null}},"3":{"start":{"line":2,"column":19},"end":{"line":2,"column":null}},"4":{"start":{"line":10,"column":22},"end":{"line":14,"column":null}}},"fnMap":{"0":{"name":"LoadingSpinner","decl":{"start":{"line":9,"column":16},"end":{"line":9,"column":30}},"loc":{"start":{"line":9,"column":78},"end":{"line":19,"column":null}}},"1":{"name":"Loading","decl":{"start":{"line":26,"column":16},"end":{"line":26,"column":23}},"loc":{"start":{"line":26,"column":75},"end":{"line":33,"column":null}}}},"branchMap":{"0":{"loc":{"start":{"line":9,"column":44},"end":{"line":9,"column":55}},"type":"default-arg","locations":[{"start":{"line":9,"column":51},"end":{"line":9,"column":55}}]},"1":{"loc":{"start":{"line":26,"column":26},"end":{"line":26,"column":48}},"type":"default-arg","locations":[{"start":{"line":26,"column":36},"end":{"line":26,"column":48}}]}},"s":{"0":51,"1":5,"2":4,"3":4,"4":56},"f":{"0":56,"1":51},"b":{"0":[54],"1":[50]}}
,"/Users/fadiladarahma/Documents/corenglish/v0-next-js-project-setup/components/ui/select.tsx": {"path":"/Users/fadiladarahma/Documents/corenglish/v0-next-js-project-setup/components/ui/select.tsx","statementMap":{"0":{"start":{"line":109,"column":2},"end":{"line":109,"column":8}},"1":{"start":{"line":113,"column":2},"end":{"line":113,"column":15}},"2":{"start":{"line":110,"column":2},"end":{"line":110,"column":13}},"3":{"start":{"line":115,"column":2},"end":{"line":115,"column":12}},"4":{"start":{"line":114,"column":2},"end":{"line":114,"column":13}},"5":{"start":{"line":116,"column":2},"end":{"line":116,"column":17}},"6":{"start":{"line":112,"column":2},"end":{"line":112,"column":15}},"7":{"start":{"line":111,"column":2},"end":{"line":111,"column":13}},"8":{"start":{"line":3,"column":23},"end":{"line":3,"column":null}},"9":{"start":{"line":4,"column":33},"end":{"line":4,"column":null}},"10":{"start":{"line":5,"column":35},"end":{"line":5,"column":null}},"11":{"start":{"line":6,"column":19},"end":{"line":6,"column":null}},"12":{"start":{"line":8,"column":15},"end":{"line":8,"column":35}},"13":{"start":{"line":9,"column":20},"end":{"line":9,"column":41}},"14":{"start":{"line":10,"column":20},"end":{"line":10,"column":41}},"15":{"start":{"line":30,"column":0},"end":{"line":30,"column":null}},"16":{"start":{"line":60,"column":0},"end":{"line":60,"column":null}},"17":{"start":{"line":72,"column":0},"end":{"line":72,"column":null}},"18":{"start":{"line":94,"column":0},"end":{"line":94,"column":null}},"19":{"start":{"line":106,"column":0},"end":{"line":106,"column":null}}},"fnMap":{},"branchMap":{"0":{"loc":{"start":{"line":35,"column":26},"end":{"line":35,"column":45}},"type":"default-arg","locations":[{"start":{"line":35,"column":37},"end":{"line":35,"column":45}}]},"1":{"loc":{"start":{"line":41,"column":8},"end":{"line":42,"column":null}},"type":"binary-expr","locations":[{"start":{"line":41,"column":8},"end":{"line":41,"column":null}},{"start":{"line":42,"column":10},"end":{"line":42,"column":null}}]},"2":{"loc":{"start":{"line":51,"column":10},"end":{"line":52,"column":null}},"type":"binary-expr","locations":[{"start":{"line":51,"column":10},"end":{"line":51,"column":null}},{"start":{"line":52,"column":12},"end":{"line":52,"column":null}}]}},"s":{"0":5,"1":6,"2":3,"3":15,"4":4,"5":3,"6":9,"7":11,"8":4,"9":4,"10":4,"11":4,"12":4,"13":4,"14":4,"15":4,"16":4,"17":4,"18":4,"19":4},"f":{},"b":{"0":[10],"1":[12,12],"2":[12,12]}}
,"/Users/fadiladarahma/Documents/corenglish/v0-next-js-project-setup/components/ui/textarea.tsx": {"path":"/Users/fadiladarahma/Documents/corenglish/v0-next-js-project-setup/components/ui/textarea.tsx","statementMap":{"0":{"start":{"line":22,"column":9},"end":{"line":22,"column":null}},"1":{"start":{"line":1,"column":23},"end":{"line":1,"column":null}},"2":{"start":{"line":2,"column":19},"end":{"line":2,"column":null}},"3":{"start":{"line":6,"column":17},"end":{"line":18,"column":null}},"4":{"start":{"line":20,"column":0},"end":{"line":20,"column":null}}},"fnMap":{"0":{"name":"(anonymous_4)","decl":{"start":{"line":7,"column":2},"end":{"line":7,"column":3}},"loc":{"start":{"line":7,"column":28},"end":{"line":18,"column":null}}}},"branchMap":{},"s":{"0":11,"1":4,"2":4,"3":4,"4":4},"f":{"0":11},"b":{}}
,"/Users/fadiladarahma/Documents/corenglish/v0-next-js-project-setup/components/ui/toast.tsx": {"path":"/Users/fadiladarahma/Documents/corenglish/v0-next-js-project-setup/components/ui/toast.tsx","statementMap":{"0":{"start":{"line":124,"column":2},"end":{"line":124,"column":7}},"1":{"start":{"line":128,"column":2},"end":{"line":128,"column":13}},"2":{"start":{"line":127,"column":2},"end":{"line":127,"column":12}},"3":{"start":{"line":126,"column":2},"end":{"line":126,"column":18}},"4":{"start":{"line":122,"column":2},"end":{"line":122,"column":15}},"5":{"start":{"line":125,"column":2},"end":{"line":125,"column":12}},"6":{"start":{"line":123,"column":2},"end":{"line":123,"column":15}},"7":{"start":{"line":3,"column":23},"end":{"line":3,"column":null}},"8":{"start":{"line":4,"column":33},"end":{"line":4,"column":null}},"9":{"start":{"line":5,"column":39},"end":{"line":5,"column":null}},"10":{"start":{"line":6,"column":18},"end":{"line":6,"column":null}},"11":{"start":{"line":8,"column":19},"end":{"line":8,"column":null}},"12":{"start":{"line":10,"column":22},"end":{"line":10,"column":46}},"13":{"start":{"line":25,"column":0},"end":{"line":25,"column":null}},"14":{"start":{"line":27,"column":22},"end":{"line":40,"column":null}},"15":{"start":{"line":43,"column":14},"end":{"line":55,"column":null}},"16":{"start":{"line":56,"column":0},"end":{"line":56,"column":null}},"17":{"start":{"line":71,"column":0},"end":{"line":71,"column":null}},"18":{"start":{"line":89,"column":0},"end":{"line":89,"column":null}},"19":{"start":{"line":101,"column":0},"end":{"line":101,"column":null}},"20":{"start":{"line":113,"column":0},"end":{"line":113,"column":null}}},"fnMap":{"0":{"name":"(anonymous_12)","decl":{"start":{"line":47,"column":2},"end":{"line":47,"column":3}},"loc":{"start":{"line":47,"column":37},"end":{"line":55,"column":null}}}},"branchMap":{},"s":{"0":0,"1":0,"2":0,"3":0,"4":0,"5":0,"6":0,"7":0,"8":0,"9":0,"10":0,"11":0,"12":0,"13":0,"14":0,"15":0,"16":0,"17":0,"18":0,"19":0,"20":0},"f":{"0":0},"b":{}}
,"/Users/fadiladarahma/Documents/corenglish/v0-next-js-project-setup/components/ui/toaster.tsx": {"path":"/Users/fadiladarahma/Documents/corenglish/v0-next-js-project-setup/components/ui/toaster.tsx","statementMap":{"0":{"start":{"line":13,"column":16},"end":{"line":13,"column":null}},"1":{"start":{"line":3,"column":25},"end":{"line":3,"column":null}},"2":{"start":{"line":11,"column":7},"end":{"line":11,"column":null}},"3":{"start":{"line":14,"column":21},"end":{"line":14,"column":null}},"4":{"start":{"line":19,"column":8},"end":{"line":20,"column":27}}},"fnMap":{"0":{"name":"Toaster","decl":{"start":{"line":13,"column":16},"end":{"line":13,"column":null}},"loc":{"start":{"line":13,"column":16},"end":{"line":35,"column":null}}},"1":{"name":"(anonymous_2)","decl":{"start":{"line":18,"column":18},"end":{"line":18,"column":28}},"loc":{"start":{"line":18,"column":72},"end":{"line":31,"column":null}}}},"branchMap":{"0":{"loc":{"start":{"line":22,"column":15},"end":{"line":22,"column":24}},"type":"binary-expr","locations":[{"start":{"line":22,"column":15},"end":{"line":22,"column":24}}]},"1":{"loc":{"start":{"line":23,"column":15},"end":{"line":23,"column":null}},"type":"binary-expr","locations":[{"start":{"line":23,"column":15},"end":{"line":23,"column":null}}]}},"s":{"0":0,"1":0,"2":0,"3":0,"4":0},"f":{"0":0,"1":0},"b":{"0":[0],"1":[0]}}
,"/Users/fadiladarahma/Documents/corenglish/v0-next-js-project-setup/hooks/use-task.ts": {"path":"/Users/fadiladarahma/Documents/corenglish/v0-next-js-project-setup/hooks/use-task.ts","statementMap":{"0":{"start":{"line":5,"column":16},"end":{"line":5,"column":24}},"1":{"start":{"line":1,"column":19},"end":{"line":1,"column":null}},"2":{"start":{"line":2,"column":28},"end":{"line":2,"column":null}},"3":{"start":{"line":6,"column":22},"end":{"line":6,"column":null}},"4":{"start":{"line":7,"column":45},"end":{"line":8,"column":null}},"5":{"start":{"line":8,"column":4},"end":{"line":8,"column":null}},"6":{"start":{"line":11,"column":2},"end":{"line":17,"column":null}}},"fnMap":{"0":{"name":"useTask","decl":{"start":{"line":5,"column":16},"end":{"line":5,"column":24}},"loc":{"start":{"line":5,"column":35},"end":{"line":18,"column":null}}},"1":{"name":"(anonymous_3)","decl":{"start":{"line":7,"column":93},"end":{"line":7,"column":null}},"loc":{"start":{"line":8,"column":4},"end":{"line":8,"column":null}}}},"branchMap":{"0":{"loc":{"start":{"line":7,"column":58},"end":{"line":7,"column":93}},"type":"cond-expr","locations":[{"start":{"line":7,"column":72},"end":{"line":7,"column":87}},{"start":{"line":7,"column":87},"end":{"line":7,"column":93}}]}},"s":{"0":6,"1":1,"2":1,"3":6,"4":6,"5":1,"6":6},"f":{"0":6,"1":1},"b":{"0":[5,1]}}
,"/Users/fadiladarahma/Documents/corenglish/v0-next-js-project-setup/hooks/use-tasks.ts": {"path":"/Users/fadiladarahma/Documents/corenglish/v0-next-js-project-setup/hooks/use-tasks.ts","statementMap":{"0":{"start":{"line":5,"column":16},"end":{"line":5,"column":25}},"1":{"start":{"line":1,"column":19},"end":{"line":1,"column":null}},"2":{"start":{"line":2,"column":28},"end":{"line":2,"column":null}},"3":{"start":{"line":6,"column":14},"end":{"line":6,"column":null}},"4":{"start":{"line":7,"column":45},"end":{"line":7,"column":null}},"5":{"start":{"line":7,"column":87},"end":{"line":7,"column":null}},"6":{"start":{"line":9,"column":2},"end":{"line":19,"column":null}}},"fnMap":{"0":{"name":"useTasks","decl":{"start":{"line":5,"column":16},"end":{"line":5,"column":25}},"loc":{"start":{"line":5,"column":73},"end":{"line":20,"column":null}}},"1":{"name":"(anonymous_3)","decl":{"start":{"line":7,"column":81},"end":{"line":7,"column":87}},"loc":{"start":{"line":7,"column":87},"end":{"line":7,"column":null}}}},"branchMap":{"0":{"loc":{"start":{"line":6,"column":37},"end":{"line":6,"column":53}},"type":"binary-expr","locations":[{"start":{"line":6,"column":37},"end":{"line":6,"column":47}},{"start":{"line":6,"column":47},"end":{"line":6,"column":53}}]},"1":{"loc":{"start":{"line":10,"column":11},"end":{"line":10,"column":27}},"type":"binary-expr","locations":[{"start":{"line":10,"column":11},"end":{"line":10,"column":25}},{"start":{"line":10,"column":25},"end":{"line":10,"column":27}}]},"2":{"loc":{"start":{"line":11,"column":11},"end":{"line":11,"column":null}},"type":"binary-expr","locations":[{"start":{"line":11,"column":11},"end":{"line":11,"column":26}},{"start":{"line":11,"column":26},"end":{"line":11,"column":null}}]},"3":{"loc":{"start":{"line":12,"column":10},"end":{"line":12,"column":null}},"type":"binary-expr","locations":[{"start":{"line":12,"column":10},"end":{"line":12,"column":24}},{"start":{"line":12,"column":24},"end":{"line":12,"column":null}}]},"4":{"loc":{"start":{"line":13,"column":11},"end":{"line":13,"column":null}},"type":"binary-expr","locations":[{"start":{"line":13,"column":11},"end":{"line":13,"column":26}},{"start":{"line":13,"column":26},"end":{"line":13,"column":null}}]},"5":{"loc":{"start":{"line":14,"column":16},"end":{"line":14,"column":null}},"type":"binary-expr","locations":[{"start":{"line":14,"column":16},"end":{"line":14,"column":36}},{"start":{"line":14,"column":36},"end":{"line":14,"column":null}}]}},"s":{"0":7,"1":1,"2":1,"3":7,"4":7,"5":2,"6":7},"f":{"0":7,"1":2},"b":{"0":[7,5],"1":[7,3],"2":[7,3],"3":[7,3],"4":[7,3],"5":[7,3]}}
,"/Users/fadiladarahma/Documents/corenglish/v0-next-js-project-setup/hooks/use-toast.ts": {"path":"/Users/fadiladarahma/Documents/corenglish/v0-next-js-project-setup/hooks/use-toast.ts","statementMap":{"0":{"start":{"line":74,"column":13},"end":{"line":74,"column":20}},"1":{"start":{"line":191,"column":19},"end":{"line":191,"column":24}},"2":{"start":{"line":191,"column":9},"end":{"line":191,"column":17}},"3":{"start":{"line":4,"column":23},"end":{"line":4,"column":null}},"4":{"start":{"line":8,"column":20},"end":{"line":8,"column":null}},"5":{"start":{"line":9,"column":27},"end":{"line":9,"column":null}},"6":{"start":{"line":18,"column":20},"end":{"line":23,"column":null}},"7":{"start":{"line":25,"column":12},"end":{"line":25,"column":null}},"8":{"start":{"line":28,"column":2},"end":{"line":28,"column":null}},"9":{"start":{"line":29,"column":2},"end":{"line":29,"column":null}},"10":{"start":{"line":56,"column":22},"end":{"line":56,"column":null}},"11":{"start":{"line":58,"column":25},"end":{"line":72,"column":null}},"12":{"start":{"line":59,"column":2},"end":{"line":61,"column":null}},"13":{"start":{"line":60,"column":4},"end":{"line":60,"column":null}},"14":{"start":{"line":63,"column":18},"end":{"line":69,"column":null}},"15":{"start":{"line":64,"column":4},"end":{"line":64,"column":null}},"16":{"start":{"line":65,"column":4},"end":{"line":68,"column":null}},"17":{"start":{"line":71,"column":2},"end":{"line":71,"column":null}},"18":{"start":{"line":74,"column":23},"end":{"line":127,"column":null}},"19":{"start":{"line":75,"column":2},"end":{"line":126,"column":null}},"20":{"start":{"line":77,"column":6},"end":{"line":80,"column":null}},"21":{"start":{"line":83,"column":6},"end":{"line":88,"column":null}},"22":{"start":{"line":86,"column":10},"end":{"line":86,"column":null}},"23":{"start":{"line":91,"column":26},"end":{"line":91,"column":null}},"24":{"start":{"line":95,"column":6},"end":{"line":101,"column":null}},"25":{"start":{"line":96,"column":8},"end":{"line":96,"column":null}},"26":{"start":{"line":98,"column":8},"end":{"line":100,"column":null}},"27":{"start":{"line":99,"column":10},"end":{"line":99,"column":null}},"28":{"start":{"line":103,"column":6},"end":{"line":113,"column":null}},"29":{"start":{"line":106,"column":10},"end":{"line":111,"column":null}},"30":{"start":{"line":116,"column":6},"end":{"line":121,"column":null}},"31":{"start":{"line":117,"column":8},"end":{"line":120,"column":null}},"32":{"start":{"line":122,"column":6},"end":{"line":125,"column":null}},"33":{"start":{"line":124,"column":43},"end":{"line":124,"column":66}},"34":{"start":{"line":129,"column":49},"end":{"line":129,"column":51}},"35":{"start":{"line":131,"column":25},"end":{"line":131,"column":null}},"36":{"start":{"line":134,"column":2},"end":{"line":134,"column":null}},"37":{"start":{"line":135,"column":2},"end":{"line":137,"column":null}},"38":{"start":{"line":136,"column":4},"end":{"line":136,"column":null}},"39":{"start":{"line":143,"column":13},"end":{"line":143,"column":null}},"40":{"start":{"line":145,"column":17},"end":{"line":149,"column":null}},"41":{"start":{"line":146,"column":4},"end":{"line":149,"column":null}},"42":{"start":{"line":150,"column":18},"end":{"line":150,"column":null}},"43":{"start":{"line":150,"column":24},"end":{"line":150,"column":null}},"44":{"start":{"line":152,"column":2},"end":{"line":162,"column":null}},"45":{"start":{"line":159,"column":8},"end":{"line":159,"column":null}},"46":{"start":{"line":159,"column":19},"end":{"line":159,"column":null}},"47":{"start":{"line":164,"column":2},"end":{"line":168,"column":null}},"48":{"start":{"line":172,"column":28},"end":{"line":172,"column":null}},"49":{"start":{"line":174,"column":2},"end":{"line":182,"column":null}},"50":{"start":{"line":175,"column":4},"end":{"line":175,"column":null}},"51":{"start":{"line":176,"column":4},"end":{"line":181,"column":null}},"52":{"start":{"line":177,"column":20},"end":{"line":177,"column":null}},"53":{"start":{"line":178,"column":6},"end":{"line":180,"column":null}},"54":{"start":{"line":179,"column":8},"end":{"line":179,"column":null}},"55":{"start":{"line":184,"column":2},"end":{"line":188,"column":null}},"56":{"start":{"line":187,"column":35},"end":{"line":187,"column":null}}},"fnMap":{"0":{"name":"genId","decl":{"start":{"line":27,"column":9},"end":{"line":27,"column":null}},"loc":{"start":{"line":27,"column":9},"end":{"line":30,"column":null}}},"1":{"name":"(anonymous_8)","decl":{"start":{"line":58,"column":25},"end":{"line":58,"column":26}},"loc":{"start":{"line":58,"column":26},"end":{"line":72,"column":null}}},"2":{"name":"(anonymous_9)","decl":{"start":{"line":63,"column":29},"end":{"line":63,"column":null}},"loc":{"start":{"line":63,"column":29},"end":{"line":69,"column":5}}},"3":{"name":"(anonymous_10)","decl":{"start":{"line":74,"column":23},"end":{"line":74,"column":24}},"loc":{"start":{"line":74,"column":38},"end":{"line":127,"column":null}}},"4":{"name":"(anonymous_11)","decl":{"start":{"line":85,"column":33},"end":{"line":85,"column":34}},"loc":{"start":{"line":86,"column":10},"end":{"line":86,"column":null}}},"5":{"name":"(anonymous_12)","decl":{"start":{"line":98,"column":29},"end":{"line":98,"column":30}},"loc":{"start":{"line":98,"column":30},"end":{"line":100,"column":null}}},"6":{"name":"(anonymous_13)","decl":{"start":{"line":105,"column":33},"end":{"line":105,"column":34}},"loc":{"start":{"line":106,"column":10},"end":{"line":111,"column":null}}},"7":{"name":"(anonymous_14)","decl":{"start":{"line":124,"column":36},"end":{"line":124,"column":37}},"loc":{"start":{"line":124,"column":43},"end":{"line":124,"column":66}}},"8":{"name":"dispatch","decl":{"start":{"line":133,"column":9},"end":{"line":133,"column":18}},"loc":{"start":{"line":133,"column":32},"end":{"line":138,"column":null}}},"9":{"name":"(anonymous_16)","decl":{"start":{"line":135,"column":20},"end":{"line":135,"column":21}},"loc":{"start":{"line":135,"column":21},"end":{"line":137,"column":null}}},"10":{"name":"toast","decl":{"start":{"line":142,"column":9},"end":{"line":142,"column":15}},"loc":{"start":{"line":142,"column":34},"end":{"line":169,"column":null}}},"11":{"name":"(anonymous_18)","decl":{"start":{"line":145,"column":17},"end":{"line":145,"column":18}},"loc":{"start":{"line":146,"column":4},"end":{"line":149,"column":null}}},"12":{"name":"(anonymous_19)","decl":{"start":{"line":150,"column":18},"end":{"line":150,"column":24}},"loc":{"start":{"line":150,"column":24},"end":{"line":150,"column":null}}},"13":{"name":"(anonymous_20)","decl":{"start":{"line":158,"column":20},"end":{"line":158,"column":21}},"loc":{"start":{"line":158,"column":21},"end":{"line":160,"column":null}}},"14":{"name":"useToast","decl":{"start":{"line":171,"column":9},"end":{"line":171,"column":null}},"loc":{"start":{"line":171,"column":9},"end":{"line":189,"column":null}}},"15":{"name":"(anonymous_22)","decl":{"start":{"line":174,"column":18},"end":{"line":174,"column":null}},"loc":{"start":{"line":174,"column":18},"end":{"line":182,"column":5}}},"16":{"name":"(anonymous_23)","decl":{"start":{"line":176,"column":11},"end":{"line":176,"column":null}},"loc":{"start":{"line":176,"column":11},"end":{"line":181,"column":null}}},"17":{"name":"(anonymous_24)","decl":{"start":{"line":187,"column":13},"end":{"line":187,"column":14}},"loc":{"start":{"line":187,"column":35},"end":{"line":187,"column":null}}}},"branchMap":{"0":{"loc":{"start":{"line":59,"column":2},"end":{"line":61,"column":null}},"type":"if","locations":[{"start":{"line":59,"column":2},"end":{"line":61,"column":null}},{"start":{},"end":{}}]},"1":{"loc":{"start":{"line":75,"column":2},"end":{"line":126,"column":null}},"type":"switch","locations":[{"start":{"line":76,"column":4},"end":{"line":80,"column":null}},{"start":{"line":82,"column":4},"end":{"line":88,"column":null}},{"start":{"line":90,"column":4},"end":{"line":114,"column":null}},{"start":{"line":115,"column":4},"end":{"line":125,"column":null}}]},"2":{"loc":{"start":{"line":86,"column":10},"end":{"line":86,"column":null}},"type":"cond-expr","locations":[{"start":{"line":86,"column":37},"end":{"line":86,"column":65}},{"start":{"line":86,"column":65},"end":{"line":86,"column":null}}]},"3":{"loc":{"start":{"line":95,"column":6},"end":{"line":101,"column":null}},"type":"if","locations":[{"start":{"line":95,"column":6},"end":{"line":101,"column":null}},{"start":{"line":97,"column":13},"end":{"line":101,"column":null}}]},"4":{"loc":{"start":{"line":106,"column":10},"end":{"line":111,"column":null}},"type":"cond-expr","locations":[{"start":{"line":107,"column":14},"end":{"line":110,"column":null}},{"start":{"line":111,"column":14},"end":{"line":111,"column":null}}]},"5":{"loc":{"start":{"line":106,"column":10},"end":{"line":106,"column":null}},"type":"binary-expr","locations":[{"start":{"line":106,"column":10},"end":{"line":106,"column":30}},{"start":{"line":106,"column":30},"end":{"line":106,"column":null}}]},"6":{"loc":{"start":{"line":116,"column":6},"end":{"line":121,"column":null}},"type":"if","locations":[{"start":{"line":116,"column":6},"end":{"line":121,"column":null}},{"start":{},"end":{}}]},"7":{"loc":{"start":{"line":159,"column":8},"end":{"line":159,"column":null}},"type":"if","locations":[{"start":{"line":159,"column":8},"end":{"line":159,"column":null}},{"start":{},"end":{}}]},"8":{"loc":{"start":{"line":178,"column":6},"end":{"line":180,"column":null}},"type":"if","locations":[{"start":{"line":178,"column":6},"end":{"line":180,"column":null}},{"start":{},"end":{}}]}},"s":{"0":7,"1":0,"2":10,"3":1,"4":1,"5":1,"6":1,"7":1,"8":0,"9":0,"10":1,"11":1,"12":3,"13":1,"14":2,"15":0,"16":0,"17":2,"18":1,"19":7,"20":1,"21":1,"22":1,"23":2,"24":2,"25":1,"26":1,"27":2,"28":2,"29":4,"30":2,"31":1,"32":1,"33":2,"34":1,"35":1,"36":0,"37":0,"38":0,"39":0,"40":0,"41":0,"42":0,"43":0,"44":0,"45":0,"46":0,"47":0,"48":10,"49":10,"50":0,"51":0,"52":0,"53":0,"54":0,"55":10,"56":0},"f":{"0":0,"1":3,"2":0,"3":7,"4":1,"5":2,"6":4,"7":2,"8":0,"9":0,"10":0,"11":0,"12":0,"13":0,"14":10,"15":0,"16":0,"17":0},"b":{"0":[1,2],"1":[1,1,2,2],"2":[1,0],"3":[1,1],"4":[3,1],"5":[4,3],"6":[1,1],"7":[0,0],"8":[0,0]}}
,"/Users/fadiladarahma/Documents/corenglish/v0-next-js-project-setup/lib/utils.ts": {"path":"/Users/fadiladarahma/Documents/corenglish/v0-next-js-project-setup/lib/utils.ts","statementMap":{"0":{"start":{"line":4,"column":16},"end":{"line":4,"column":19}},"1":{"start":{"line":1,"column":38},"end":{"line":1,"column":null}},"2":{"start":{"line":2,"column":24},"end":{"line":2,"column":null}},"3":{"start":{"line":5,"column":2},"end":{"line":5,"column":null}}},"fnMap":{"0":{"name":"cn","decl":{"start":{"line":4,"column":16},"end":{"line":4,"column":19}},"loc":{"start":{"line":4,"column":42},"end":{"line":6,"column":null}}}},"branchMap":{},"s":{"0":434,"1":17,"2":17,"3":434},"f":{"0":434},"b":{}}
,"/Users/fadiladarahma/Documents/corenglish/v0-next-js-project-setup/services/taskApi.ts": {"path":"/Users/fadiladarahma/Documents/corenglish/v0-next-js-project-setup/services/taskApi.ts","statementMap":{"0":{"start":{"line":46,"column":22},"end":{"line":46,"column":32}},"1":{"start":{"line":66,"column":22},"end":{"line":66,"column":32}},"2":{"start":{"line":30,"column":22},"end":{"line":30,"column":33}},"3":{"start":{"line":40,"column":22},"end":{"line":40,"column":33}},"4":{"start":{"line":56,"column":22},"end":{"line":56,"column":32}},"5":{"start":{"line":3,"column":16},"end":{"line":3,"column":47}},"6":{"start":{"line":6,"column":2},"end":{"line":9,"column":null}},"7":{"start":{"line":7,"column":4},"end":{"line":7,"column":null}},"8":{"start":{"line":8,"column":4},"end":{"line":8,"column":null}},"9":{"start":{"line":10,"column":2},"end":{"line":10,"column":null}},"10":{"start":{"line":14,"column":2},"end":{"line":24,"column":null}},"11":{"start":{"line":15,"column":18},"end":{"line":15,"column":60}},"12":{"start":{"line":16,"column":4},"end":{"line":22,"column":null}},"13":{"start":{"line":17,"column":19},"end":{"line":17,"column":null}},"14":{"start":{"line":18,"column":6},"end":{"line":18,"column":null}},"15":{"start":{"line":18,"column":25},"end":{"line":18,"column":null}},"16":{"start":{"line":19,"column":6},"end":{"line":19,"column":null}},"17":{"start":{"line":19,"column":23},"end":{"line":19,"column":null}},"18":{"start":{"line":23,"column":4},"end":{"line":23,"column":null}},"19":{"start":{"line":26,"column":2},"end":{"line":26,"column":null}},"20":{"start":{"line":26,"column":26},"end":{"line":26,"column":null}},"21":{"start":{"line":27,"column":2},"end":{"line":27,"column":null}},"22":{"start":{"line":31,"column":15},"end":{"line":31,"column":null}},"23":{"start":{"line":32,"column":17},"end":{"line":32,"column":null}},"24":{"start":{"line":33,"column":2},"end":{"line":33,"column":null}},"25":{"start":{"line":34,"column":2},"end":{"line":34,"column":null}},"26":{"start":{"line":35,"column":2},"end":{"line":35,"column":null}},"27":{"start":{"line":35,"column":14},"end":{"line":35,"column":null}},"28":{"start":{"line":36,"column":14},"end":{"line":36,"column":null}},"29":{"start":{"line":37,"column":2},"end":{"line":37,"column":null}},"30":{"start":{"line":41,"column":15},"end":{"line":41,"column":null}},"31":{"start":{"line":42,"column":14},"end":{"line":42,"column":null}},"32":{"start":{"line":43,"column":2},"end":{"line":43,"column":null}},"33":{"start":{"line":47,"column":15},"end":{"line":47,"column":null}},"34":{"start":{"line":48,"column":14},"end":{"line":52,"column":null}},"35":{"start":{"line":53,"column":2},"end":{"line":53,"column":null}},"36":{"start":{"line":57,"column":15},"end":{"line":57,"column":null}},"37":{"start":{"line":58,"column":14},"end":{"line":62,"column":null}},"38":{"start":{"line":63,"column":2},"end":{"line":63,"column":null}},"39":{"start":{"line":67,"column":15},"end":{"line":67,"column":null}},"40":{"start":{"line":68,"column":14},"end":{"line":68,"column":null}},"41":{"start":{"line":69,"column":2},"end":{"line":69,"column":null}}},"fnMap":{"0":{"name":"ensureApiUrl","decl":{"start":{"line":5,"column":9},"end":{"line":5,"column":null}},"loc":{"start":{"line":5,"column":9},"end":{"line":11,"column":null}}},"1":{"name":"handleResponse","decl":{"start":{"line":13,"column":15},"end":{"line":13,"column":33}},"loc":{"start":{"line":13,"column":46},"end":{"line":28,"column":null}}},"2":{"name":"getAllTasks","decl":{"start":{"line":30,"column":22},"end":{"line":30,"column":33}},"loc":{"start":{"line":30,"column":82},"end":{"line":38,"column":null}}},"3":{"name":"getTaskById","decl":{"start":{"line":40,"column":22},"end":{"line":40,"column":33}},"loc":{"start":{"line":40,"column":44},"end":{"line":44,"column":null}}},"4":{"name":"createTask","decl":{"start":{"line":46,"column":22},"end":{"line":46,"column":32}},"loc":{"start":{"line":46,"column":56},"end":{"line":54,"column":null}}},"5":{"name":"updateTask","decl":{"start":{"line":56,"column":22},"end":{"line":56,"column":32}},"loc":{"start":{"line":56,"column":68},"end":{"line":64,"column":null}}},"6":{"name":"deleteTask","decl":{"start":{"line":66,"column":22},"end":{"line":66,"column":32}},"loc":{"start":{"line":66,"column":43},"end":{"line":70,"column":null}}}},"branchMap":{"0":{"loc":{"start":{"line":6,"column":2},"end":{"line":9,"column":null}},"type":"if","locations":[{"start":{"line":6,"column":2},"end":{"line":9,"column":null}},{"start":{},"end":{}}]},"1":{"loc":{"start":{"line":14,"column":2},"end":{"line":24,"column":null}},"type":"if","locations":[{"start":{"line":14,"column":2},"end":{"line":24,"column":null}},{"start":{},"end":{}}]},"2":{"loc":{"start":{"line":18,"column":6},"end":{"line":18,"column":null}},"type":"if","locations":[{"start":{"line":18,"column":6},"end":{"line":18,"column":null}},{"start":{},"end":{}}]},"3":{"loc":{"start":{"line":19,"column":6},"end":{"line":19,"column":null}},"type":"if","locations":[{"start":{"line":19,"column":6},"end":{"line":19,"column":null}},{"start":{},"end":{}}]},"4":{"loc":{"start":{"line":26,"column":2},"end":{"line":26,"column":null}},"type":"if","locations":[{"start":{"line":26,"column":2},"end":{"line":26,"column":null}},{"start":{},"end":{}}]},"5":{"loc":{"start":{"line":35,"column":2},"end":{"line":35,"column":null}},"type":"if","locations":[{"start":{"line":35,"column":2},"end":{"line":35,"column":null}},{"start":{},"end":{}}]}},"s":{"0":4,"1":4,"2":7,"3":33,"4":3,"5":5,"6":41,"7":0,"8":0,"9":41,"10":37,"11":6,"12":6,"13":6,"14":4,"15":3,"16":4,"17":1,"18":6,"19":11,"20":1,"21":10,"22":5,"23":5,"24":5,"25":5,"26":5,"27":1,"28":5,"29":5,"30":31,"31":31,"32":27,"33":2,"34":2,"35":2,"36":1,"37":1,"38":1,"39":2,"40":2,"41":2},"f":{"0":41,"1":37,"2":5,"3":31,"4":2,"5":1,"6":2},"b":{"0":[0,41],"1":[6,11],"2":[3,1],"3":[1,3],"4":[1,10],"5":[1,4]}}
}
