TN:
SF:components/theme-provider.tsx
FN:9,ThemeProvider
FNF:1
FNH:0
FNDA:0,ThemeProvider
DA:3,0
DA:7,0
DA:9,0
LF:3
LH:0
BRF:0
BRH:0
end_of_record
TN:
SF:components/task/confirm-delete-dialog.tsx
FN:13,ConfirmDeleteDialog
FNF:1
FNH:0
FNDA:0,ConfirmDeleteDialog
DA:12,3
DA:13,0
LF:2
LH:1
BRDA:17,0,0,0
BRDA:18,1,0,0
BRDA:19,2,0,0
BRDA:38,3,0,0
BRDA:38,3,1,0
BRF:5
BRH:0
end_of_record
TN:
SF:components/task/index.ts
FNF:0
FNH:0
DA:2,2
DA:3,2
DA:4,2
DA:5,37
DA:6,2
DA:7,2
DA:8,2
DA:9,2
DA:10,2
DA:11,2
LF:10
LH:10
BRF:0
BRH:0
end_of_record
TN:
SF:components/task/pagination.tsx
FN:11,Pagination
FN:17,(anonymous_2)
FN:28,(anonymous_3)
FNF:3
FNH:0
FNDA:0,Pagination
FNDA:0,(anonymous_2)
FNDA:0,(anonymous_3)
DA:3,3
DA:11,0
DA:12,0
DA:17,0
DA:28,0
LF:5
LH:1
BRDA:12,0,0,0
BRDA:12,0,1,0
BRF:2
BRH:0
end_of_record
TN:
SF:components/task/status-badge.tsx
FN:5,StatusBadge
FNF:1
FNH:1
FNDA:15,StatusBadge
DA:1,5
DA:2,5
DA:3,5
DA:5,15
DA:6,15
LF:5
LH:5
BRF:0
BRH:0
end_of_record
TN:
SF:components/task/task-form.tsx
FN:31,TaskForm
FN:45,(anonymous_2)
FN:62,handleSubmit
FN:89,(anonymous_4)
FN:100,(anonymous_5)
FN:111,(anonymous_6)
FN:142,(anonymous_7)
FNF:7
FNH:0
FNDA:0,TaskForm
FNDA:0,(anonymous_2)
FNDA:0,handleSubmit
FNDA:0,(anonymous_4)
FNDA:0,(anonymous_5)
FNDA:0,(anonymous_6)
FNDA:0,(anonymous_7)
DA:5,1
DA:6,1
DA:7,1
DA:8,1
DA:9,1
DA:10,1
DA:17,1
DA:23,1
DA:31,0
DA:32,0
DA:33,0
DA:34,0
DA:37,0
DA:40,0
DA:41,0
DA:43,0
DA:45,0
DA:46,0
DA:47,0
DA:51,0
DA:54,0
DA:55,0
DA:56,0
DA:57,0
DA:58,0
DA:59,0
DA:63,0
DA:64,0
DA:65,0
DA:66,0
DA:67,0
DA:69,0
DA:70,0
DA:71,0
DA:73,0
DA:75,0
DA:89,0
DA:100,0
DA:111,0
DA:142,0
LF:40
LH:8
BRDA:33,0,0,0
BRDA:33,0,1,0
BRDA:35,1,0,0
BRDA:35,1,1,0
BRDA:38,2,0,0
BRDA:38,2,1,0
BRDA:46,3,0,0
BRDA:46,3,1,0
BRDA:49,4,0,0
BRDA:49,4,1,0
BRDA:55,5,0,0
BRDA:55,5,1,0
BRDA:56,6,0,0
BRDA:56,6,1,0
BRDA:56,7,0,0
BRDA:56,7,1,0
BRDA:56,8,0,0
BRDA:56,8,1,0
BRDA:57,9,0,0
BRDA:57,9,1,0
BRDA:58,10,0,0
BRDA:58,10,1,0
BRDA:65,11,0,0
BRDA:65,11,1,0
BRDA:73,12,0,0
BRDA:73,12,1,0
BRDA:99,13,0,0
BRDA:99,13,1,0
BRDA:106,14,0,0
BRDA:127,15,0,0
BRDA:130,16,0,0
BRDA:130,16,1,0
BRDA:131,17,0,0
BRDA:131,17,1,0
BRDA:132,18,0,0
BRDA:132,18,1,0
BRDA:135,19,0,0
BRDA:135,19,1,0
BRF:38
BRH:0
end_of_record
TN:
SF:components/task/task-header.tsx
FN:23,TaskHeader
FN:40,(anonymous_2)
FN:49,(anonymous_3)
FN:59,(anonymous_4)
FN:78,(anonymous_5)
FNF:5
FNH:0
FNDA:0,TaskHeader
FNDA:0,(anonymous_2)
FNDA:0,(anonymous_3)
FNDA:0,(anonymous_4)
FNDA:0,(anonymous_5)
DA:3,2
DA:4,2
DA:11,2
DA:12,2
DA:13,2
DA:23,0
DA:30,0
DA:40,0
DA:49,0
DA:60,0
DA:61,0
DA:78,0
LF:12
LH:5
BRDA:38,0,0,0
BRDA:38,0,1,0
BRDA:47,1,0,0
BRDA:47,1,1,0
BRF:4
BRH:0
end_of_record
TN:
SF:components/task/task-list.tsx
FN:17,TaskList
FN:32,(anonymous_2)
FN:36,(anonymous_3)
FNF:3
FNH:0
FNDA:0,TaskList
FNDA:0,(anonymous_2)
FNDA:0,(anonymous_3)
DA:3,3
DA:4,3
DA:17,0
DA:33,0
DA:36,0
LF:5
LH:2
BRF:0
BRH:0
end_of_record
TN:
SF:components/task/task-modal.tsx
FN:25,TaskModal
FN:39,(anonymous_2)
FN:51,(anonymous_3)
FN:108,(anonymous_4)
FN:121,(anonymous_5)
FN:132,(anonymous_6)
FN:142,(anonymous_7)
FN:161,(anonymous_8)
FNF:8
FNH:0
FNDA:0,TaskModal
FNDA:0,(anonymous_2)
FNDA:0,(anonymous_3)
FNDA:0,(anonymous_4)
FNDA:0,(anonymous_5)
FNDA:0,(anonymous_6)
FNDA:0,(anonymous_7)
FNDA:0,(anonymous_8)
DA:2,2
DA:3,2
DA:4,2
DA:5,2
DA:6,2
DA:7,2
DA:8,2
DA:9,2
DA:16,2
DA:25,0
DA:31,0
DA:32,0
DA:33,0
DA:34,0
DA:35,0
DA:36,0
DA:37,0
DA:39,0
DA:40,0
DA:41,0
DA:42,0
DA:43,0
DA:45,0
DA:46,0
DA:47,0
DA:51,0
DA:52,0
DA:53,0
DA:54,0
DA:58,0
DA:61,0
DA:62,0
DA:63,0
DA:64,0
DA:69,0
DA:73,0
DA:78,0
DA:82,0
DA:83,0
DA:85,0
DA:86,0
DA:92,0
DA:96,0
DA:98,0
DA:108,0
DA:121,0
DA:132,0
DA:142,0
DA:161,0
LF:49
LH:9
BRDA:40,0,0,0
BRDA:40,0,1,0
BRDA:42,1,0,0
BRDA:42,1,1,0
BRDA:53,2,0,0
BRDA:53,2,1,0
BRDA:63,3,0,0
BRDA:63,3,1,0
BRDA:98,4,0,0
BRDA:98,4,1,0
BRDA:105,5,0,0
BRDA:105,5,1,0
BRDA:167,6,0,0
BRDA:167,6,1,0
BRDA:167,7,0,0
BRDA:167,7,1,0
BRF:16
BRH:0
end_of_record
TN:
SF:components/task/board/index.ts
FNF:0
FNH:0
DA:2,2
LF:1
LH:1
BRF:0
BRH:0
end_of_record
TN:
SF:components/task/board/kanban-board.tsx
FN:32,SortableTaskCard
FN:71,KanbanColumn
FN:118,(anonymous_3)
FN:122,(anonymous_4)
FN:161,KanbanBoard
FN:181,(anonymous_6)
FN:184,(anonymous_7)
FN:186,(anonymous_8)
FN:189,(anonymous_9)
FN:193,(anonymous_10)
FN:201,(anonymous_11)
FN:211,(anonymous_12)
FN:219,(anonymous_13)
FN:230,(anonymous_14)
FN:235,(anonymous_15)
FN:240,(anonymous_16)
FN:274,(anonymous_17)
FN:291,(anonymous_18)
FNF:18
FNH:0
FNDA:0,SortableTaskCard
FNDA:0,KanbanColumn
FNDA:0,(anonymous_3)
FNDA:0,(anonymous_4)
FNDA:0,KanbanBoard
FNDA:0,(anonymous_6)
FNDA:0,(anonymous_7)
FNDA:0,(anonymous_8)
FNDA:0,(anonymous_9)
FNDA:0,(anonymous_10)
FNDA:0,(anonymous_11)
FNDA:0,(anonymous_12)
FNDA:0,(anonymous_13)
FNDA:0,(anonymous_14)
FNDA:0,(anonymous_15)
FNDA:0,(anonymous_16)
FNDA:0,(anonymous_17)
FNDA:0,(anonymous_18)
DA:2,2
DA:13,2
DA:17,2
DA:19,2
DA:20,2
DA:21,2
DA:22,2
DA:23,2
DA:24,2
DA:40,0
DA:42,0
DA:79,0
DA:81,0
DA:88,0
DA:118,0
DA:123,0
DA:161,0
DA:167,0
DA:168,0
DA:169,0
DA:171,0
DA:179,0
DA:181,0
DA:184,0
DA:186,0
DA:189,0
DA:190,0
DA:193,0
DA:194,0
DA:195,0
DA:197,0
DA:198,0
DA:201,0
DA:202,0
DA:203,0
DA:207,0
DA:211,0
DA:212,0
DA:214,0
DA:215,0
DA:216,0
DA:219,0
DA:220,0
DA:221,0
DA:222,0
DA:226,0
DA:228,0
DA:230,0
DA:232,0
DA:233,0
DA:235,0
DA:237,0
DA:238,0
DA:240,0
DA:242,0
DA:245,0
DA:246,0
DA:247,0
DA:250,0
DA:251,0
DA:259,0
DA:260,0
DA:269,0
DA:270,0
DA:273,0
DA:274,0
DA:292,0
LF:67
LH:9
BRDA:101,0,0,0
BRDA:101,0,1,0
BRDA:101,0,2,0
BRDA:130,1,0,0
BRDA:135,2,0,0
BRDA:135,2,1,0
BRDA:195,3,0,0
BRDA:195,3,1,0
BRDA:197,4,0,0
BRDA:197,4,1,0
BRDA:202,5,0,0
BRDA:202,5,1,0
BRDA:214,6,0,0
BRDA:214,6,1,0
BRDA:220,7,0,0
BRDA:220,7,1,0
BRDA:228,8,0,0
BRDA:228,8,1,0
BRDA:229,9,0,0
BRDA:229,9,1,0
BRDA:233,10,0,0
BRDA:233,10,1,0
BRDA:234,11,0,0
BRDA:234,11,1,0
BRDA:238,12,0,0
BRDA:238,12,1,0
BRDA:239,13,0,0
BRDA:239,13,1,0
BRDA:245,14,0,0
BRDA:245,14,1,0
BRDA:245,15,0,0
BRDA:245,15,1,0
BRDA:273,16,0,0
BRDA:273,16,1,0
BRDA:305,17,0,0
BRF:35
BRH:0
end_of_record
TN:
SF:components/task/card/index.ts
FNF:0
FNH:0
DA:2,2
LF:1
LH:1
BRF:0
BRH:0
end_of_record
TN:
SF:components/task/card/task-card.tsx
FN:21,TaskCard
FN:32,(anonymous_2)
FN:37,(anonymous_3)
FNF:3
FNH:3
FNDA:10,TaskCard
FNDA:2,(anonymous_2)
FNDA:1,(anonymous_3)
DA:2,4
DA:3,4
DA:4,4
DA:5,4
DA:7,4
DA:21,10
DA:32,10
DA:33,2
DA:34,2
DA:37,10
DA:38,1
DA:39,1
DA:42,10
DA:47,10
DA:52,10
DA:59,10
DA:60,10
DA:62,10
DA:67,10
DA:72,10
DA:77,10
DA:81,10
LF:22
LH:22
BRDA:25,0,0,2
BRDA:26,1,0,9
BRDA:44,2,0,10
BRDA:44,2,1,1
BRDA:49,3,0,7
BRDA:49,3,1,3
BRDA:54,4,0,7
BRDA:54,4,1,3
BRDA:59,5,0,7
BRDA:59,5,1,3
BRDA:60,6,0,7
BRDA:60,6,1,3
BRDA:62,7,0,7
BRDA:62,7,1,3
BRDA:67,8,0,7
BRDA:67,8,1,3
BRDA:72,9,0,7
BRDA:72,9,1,3
BRDA:77,10,0,7
BRDA:77,10,1,3
BRDA:81,11,0,7
BRDA:81,11,1,3
BRDA:94,12,0,10
BRDA:94,12,1,7
BRDA:99,13,0,10
BRDA:102,14,0,10
BRDA:102,14,1,3
BRDA:109,15,0,7
BRDA:125,16,0,10
BRDA:125,16,1,3
BRDA:128,17,0,10
BRDA:128,17,1,3
BRDA:129,18,0,10
BRDA:137,19,0,10
BRDA:137,19,1,3
BRDA:141,20,0,10
BRDA:141,20,1,3
BRDA:143,21,0,10
BRF:38
BRH:38
end_of_record
TN:
SF:components/task/state/empty-state.tsx
FN:10,EmptyState
FN:19,(anonymous_2)
FNF:2
FNH:2
FNDA:4,EmptyState
FNDA:1,(anonymous_2)
DA:3,3
DA:4,3
DA:10,4
DA:11,4
DA:19,1
LF:5
LH:5
BRDA:16,0,0,3
BRDA:16,0,1,1
BRF:2
BRH:2
end_of_record
TN:
SF:components/task/state/index.ts
FNF:0
FNH:0
DA:2,2
DA:3,2
DA:4,2
LF:3
LH:3
BRF:0
BRH:0
end_of_record
TN:
SF:components/task/state/task-error-state.tsx
FN:7,TaskErrorState
FNF:1
FNH:0
FNDA:0,TaskErrorState
DA:7,0
LF:1
LH:0
BRF:0
BRH:0
end_of_record
TN:
SF:components/task/state/task-loading-state.tsx
FN:5,TaskLoadingState
FNF:1
FNH:0
FNDA:0,TaskLoadingState
DA:3,2
DA:5,0
LF:2
LH:1
BRF:0
BRH:0
end_of_record
TN:
SF:components/ui/alert-dialog.tsx
FNF:0
FNH:0
DA:3,3
DA:4,3
DA:5,3
DA:6,3
DA:8,3
DA:9,3
DA:10,3
DA:24,3
DA:42,3
DA:53,3
DA:67,3
DA:79,3
DA:91,3
DA:103,3
DA:119,3
DA:122,5
DA:123,0
DA:124,0
DA:125,5
DA:126,5
DA:127,3
DA:128,3
DA:129,4
DA:130,4
DA:131,3
DA:132,3
LF:26
LH:24
BRF:0
BRH:0
end_of_record
TN:
SF:components/ui/badge.tsx
FN:31,Badge
FNF:1
FNH:1
FNDA:40,Badge
DA:1,6
DA:2,6
DA:3,6
DA:5,6
DA:32,40
DA:41,40
LF:6
LH:6
BRDA:31,0,0,39
BRDA:32,1,0,1
BRDA:32,1,1,39
BRF:3
BRH:3
end_of_record
TN:
SF:components/ui/button.tsx
FN:42,(anonymous_6)
FNF:1
FNH:1
FNDA:82,(anonymous_6)
DA:1,9
DA:2,9
DA:3,9
DA:4,9
DA:6,9
DA:41,9
DA:43,82
DA:53,9
DA:55,83
LF:9
LH:9
BRDA:42,0,0,79
BRDA:43,1,0,3
BRDA:43,1,1,79
BRF:3
BRH:3
end_of_record
TN:
SF:components/ui/dialog.tsx
FN:13,(anonymous_14)
FNF:1
FNH:1
FNDA:7,(anonymous_14)
DA:3,1
DA:4,1
DA:5,1
DA:7,1
DA:9,1
DA:11,1
DA:13,1
DA:17,7
DA:21,1
DA:36,1
DA:60,1
DA:74,1
DA:88,1
DA:103,1
DA:115,1
DA:118,5
DA:119,0
DA:120,0
DA:121,3
DA:122,5
DA:123,7
DA:124,3
DA:125,3
DA:126,4
DA:127,4
LF:25
LH:23
BRF:0
BRH:0
end_of_record
TN:
SF:components/ui/input.tsx
FN:7,(anonymous_4)
FNF:1
FNH:1
FNDA:8,(anonymous_4)
DA:1,4
DA:2,4
DA:6,4
DA:21,4
DA:23,8
LF:5
LH:5
BRF:0
BRH:0
end_of_record
TN:
SF:components/ui/label.tsx
FNF:0
FNH:0
DA:1,4
DA:2,4
DA:17,4
DA:19,7
LF:4
LH:4
BRF:0
BRH:0
end_of_record
TN:
SF:components/ui/loading.tsx
FN:9,LoadingSpinner
FN:26,Loading
FNF:2
FNH:2
FNDA:56,LoadingSpinner
FNDA:51,Loading
DA:1,4
DA:2,4
DA:9,5
DA:10,56
DA:26,51
LF:5
LH:5
BRDA:9,0,0,54
BRDA:26,1,0,50
BRF:2
BRH:2
end_of_record
TN:
SF:components/ui/select.tsx
FNF:0
FNH:0
DA:3,4
DA:4,4
DA:5,4
DA:6,4
DA:8,4
DA:9,4
DA:10,4
DA:30,4
DA:60,4
DA:72,4
DA:94,4
DA:106,4
DA:109,5
DA:110,3
DA:111,11
DA:112,9
DA:113,6
DA:114,4
DA:115,15
DA:116,3
LF:20
LH:20
BRDA:35,0,0,10
BRDA:41,1,0,12
BRDA:41,1,1,12
BRDA:51,2,0,12
BRDA:51,2,1,12
BRF:5
BRH:5
end_of_record
TN:
SF:components/ui/textarea.tsx
FN:7,(anonymous_4)
FNF:1
FNH:1
FNDA:11,(anonymous_4)
DA:1,4
DA:2,4
DA:6,4
DA:20,4
DA:22,11
LF:5
LH:5
BRF:0
BRH:0
end_of_record
TN:
SF:components/ui/toast.tsx
FN:47,(anonymous_12)
FNF:1
FNH:0
FNDA:0,(anonymous_12)
DA:3,0
DA:4,0
DA:5,0
DA:6,0
DA:8,0
DA:10,0
DA:25,0
DA:27,0
DA:43,0
DA:56,0
DA:71,0
DA:89,0
DA:101,0
DA:113,0
DA:122,0
DA:123,0
DA:124,0
DA:125,0
DA:126,0
DA:127,0
DA:128,0
LF:21
LH:0
BRF:0
BRH:0
end_of_record
TN:
SF:components/ui/toaster.tsx
FN:13,Toaster
FN:18,(anonymous_2)
FNF:2
FNH:0
FNDA:0,Toaster
FNDA:0,(anonymous_2)
DA:3,0
DA:11,0
DA:13,0
DA:14,0
DA:19,0
LF:5
LH:0
BRDA:22,0,0,0
BRDA:23,1,0,0
BRF:2
BRH:0
end_of_record
TN:
SF:hooks/use-task.ts
FN:5,useTask
FN:7,(anonymous_3)
FNF:2
FNH:2
FNDA:6,useTask
FNDA:1,(anonymous_3)
DA:1,1
DA:2,1
DA:5,6
DA:6,6
DA:7,6
DA:8,1
DA:11,6
LF:7
LH:7
BRDA:7,0,0,5
BRDA:7,0,1,1
BRF:2
BRH:2
end_of_record
TN:
SF:hooks/use-tasks.ts
FN:5,useTasks
FN:7,(anonymous_3)
FNF:2
FNH:2
FNDA:7,useTasks
FNDA:2,(anonymous_3)
DA:1,1
DA:2,1
DA:5,7
DA:6,7
DA:7,7
DA:9,7
LF:6
LH:6
BRDA:6,0,0,7
BRDA:6,0,1,5
BRDA:10,1,0,7
BRDA:10,1,1,3
BRDA:11,2,0,7
BRDA:11,2,1,3
BRDA:12,3,0,7
BRDA:12,3,1,3
BRDA:13,4,0,7
BRDA:13,4,1,3
BRDA:14,5,0,7
BRDA:14,5,1,3
BRF:12
BRH:12
end_of_record
TN:
SF:hooks/use-toast.ts
FN:27,genId
FN:58,(anonymous_8)
FN:63,(anonymous_9)
FN:74,(anonymous_10)
FN:85,(anonymous_11)
FN:98,(anonymous_12)
FN:105,(anonymous_13)
FN:124,(anonymous_14)
FN:133,dispatch
FN:135,(anonymous_16)
FN:142,toast
FN:145,(anonymous_18)
FN:150,(anonymous_19)
FN:158,(anonymous_20)
FN:171,useToast
FN:174,(anonymous_22)
FN:176,(anonymous_23)
FN:187,(anonymous_24)
FNF:18
FNH:7
FNDA:0,genId
FNDA:3,(anonymous_8)
FNDA:0,(anonymous_9)
FNDA:7,(anonymous_10)
FNDA:1,(anonymous_11)
FNDA:2,(anonymous_12)
FNDA:4,(anonymous_13)
FNDA:2,(anonymous_14)
FNDA:0,dispatch
FNDA:0,(anonymous_16)
FNDA:0,toast
FNDA:0,(anonymous_18)
FNDA:0,(anonymous_19)
FNDA:0,(anonymous_20)
FNDA:10,useToast
FNDA:0,(anonymous_22)
FNDA:0,(anonymous_23)
FNDA:0,(anonymous_24)
DA:4,1
DA:8,1
DA:9,1
DA:18,1
DA:25,1
DA:28,0
DA:29,0
DA:56,1
DA:58,1
DA:59,3
DA:60,1
DA:63,2
DA:64,0
DA:65,0
DA:71,2
DA:74,7
DA:75,7
DA:77,1
DA:83,1
DA:86,1
DA:91,2
DA:95,2
DA:96,1
DA:98,1
DA:99,2
DA:103,2
DA:106,4
DA:116,2
DA:117,1
DA:122,1
DA:124,2
DA:129,1
DA:131,1
DA:134,0
DA:135,0
DA:136,0
DA:143,0
DA:145,0
DA:146,0
DA:150,0
DA:152,0
DA:159,0
DA:164,0
DA:172,10
DA:174,10
DA:175,0
DA:176,0
DA:177,0
DA:178,0
DA:179,0
DA:184,10
DA:187,0
DA:191,10
LF:53
LH:33
BRDA:59,0,0,1
BRDA:59,0,1,2
BRDA:75,1,0,1
BRDA:75,1,1,1
BRDA:75,1,2,2
BRDA:75,1,3,2
BRDA:86,2,0,1
BRDA:86,2,1,0
BRDA:95,3,0,1
BRDA:95,3,1,1
BRDA:106,4,0,3
BRDA:106,4,1,1
BRDA:106,5,0,4
BRDA:106,5,1,3
BRDA:116,6,0,1
BRDA:116,6,1,1
BRDA:159,7,0,0
BRDA:159,7,1,0
BRDA:178,8,0,0
BRDA:178,8,1,0
BRF:20
BRH:15
end_of_record
TN:
SF:lib/utils.ts
FN:4,cn
FNF:1
FNH:1
FNDA:434,cn
DA:1,17
DA:2,17
DA:4,434
DA:5,434
LF:4
LH:4
BRF:0
BRH:0
end_of_record
TN:
SF:services/taskApi.ts
FN:5,ensureApiUrl
FN:13,handleResponse
FN:30,getAllTasks
FN:40,getTaskById
FN:46,createTask
FN:56,updateTask
FN:66,deleteTask
FNF:7
FNH:7
FNDA:41,ensureApiUrl
FNDA:37,handleResponse
FNDA:5,getAllTasks
FNDA:31,getTaskById
FNDA:2,createTask
FNDA:1,updateTask
FNDA:2,deleteTask
DA:3,5
DA:6,41
DA:7,0
DA:8,0
DA:10,41
DA:14,37
DA:15,6
DA:16,6
DA:17,6
DA:18,4
DA:19,4
DA:23,6
DA:26,11
DA:27,10
DA:30,7
DA:31,5
DA:32,5
DA:33,5
DA:34,5
DA:35,5
DA:36,5
DA:37,5
DA:40,33
DA:41,31
DA:42,31
DA:43,27
DA:46,4
DA:47,2
DA:48,2
DA:53,2
DA:56,3
DA:57,1
DA:58,1
DA:63,1
DA:66,4
DA:67,2
DA:68,2
DA:69,2
LF:38
LH:36
BRDA:6,0,0,0
BRDA:6,0,1,41
BRDA:14,1,0,6
BRDA:14,1,1,11
BRDA:18,2,0,3
BRDA:18,2,1,1
BRDA:19,3,0,1
BRDA:19,3,1,3
BRDA:26,4,0,1
BRDA:26,4,1,10
BRDA:35,5,0,1
BRDA:35,5,1,4
BRF:12
BRH:11
end_of_record
